Using pre-set license
Built from '2023.2/staging' branch; Version is '2023.2.20f1 (0e25a174756c) revision 927137'; Using compiler version '193431935'; Build Type 'Release'
OS: 'Windows 11  (10.0.22631) 64bit ProfessionalEducation' Language: 'en' Physical Memory: 32621 MB
BatchMode: 1, IsHumanControllingUs: 0, StartBugReporterOnCrash: 0, Is64bit: 1, IsPro: 1

COMMAND LINE ARGUMENTS:
C:\Program Files\Unity\Hub\Editor\2023.2.20f1\Editor\Unity.exe
-adb2
-batchMode
-noUpm
-name
AssetImportWorker7
-projectPath
C:/Users/desoud/Desktop/BeatSaber/BeatSaber
-logFile
Logs/AssetImportWorker7.log
-srvPort
14926
-job-worker-count
7
-background-job-worker-count
8
-asset-garbage-collectors
1
Successfully changed project path to: C:/Users/desoud/Desktop/BeatSaber/BeatSaber
C:/Users/desoud/Desktop/BeatSaber/BeatSaber
[UnityMemory] Configuration Parameters - Can be set up in boot.config
    "memorysetup-bucket-allocator-granularity=16"
    "memorysetup-bucket-allocator-bucket-count=8"
    "memorysetup-bucket-allocator-block-size=33554432"
    "memorysetup-bucket-allocator-block-count=8"
    "memorysetup-main-allocator-block-size=16777216"
    "memorysetup-thread-allocator-block-size=16777216"
    "memorysetup-gfx-main-allocator-block-size=16777216"
    "memorysetup-gfx-thread-allocator-block-size=16777216"
    "memorysetup-cache-allocator-block-size=4194304"
    "memorysetup-typetree-allocator-block-size=2097152"
    "memorysetup-profiler-bucket-allocator-granularity=16"
    "memorysetup-profiler-bucket-allocator-bucket-count=8"
    "memorysetup-profiler-bucket-allocator-block-size=33554432"
    "memorysetup-profiler-bucket-allocator-block-count=8"
    "memorysetup-profiler-allocator-block-size=16777216"
    "memorysetup-profiler-editor-allocator-block-size=1048576"
    "memorysetup-temp-allocator-size-main=16777216"
    "memorysetup-job-temp-allocator-block-size=2097152"
    "memorysetup-job-temp-allocator-block-size-background=1048576"
    "memorysetup-job-temp-allocator-reduction-small-platforms=262144"
    "memorysetup-allocator-temp-initial-block-size-main=262144"
    "memorysetup-allocator-temp-initial-block-size-worker=262144"
    "memorysetup-temp-allocator-size-background-worker=32768"
    "memorysetup-temp-allocator-size-job-worker=262144"
    "memorysetup-temp-allocator-size-preload-manager=33554432"
    "memorysetup-temp-allocator-size-nav-mesh-worker=65536"
    "memorysetup-temp-allocator-size-audio-worker=65536"
    "memorysetup-temp-allocator-size-cloud-worker=32768"
    "memorysetup-temp-allocator-size-gi-baking-worker=262144"
    "memorysetup-temp-allocator-size-gi-baking-worker=262144"
    "memorysetup-temp-allocator-size-gi-baking-worker=262144"
    "memorysetup-temp-allocator-size-gi-baking-worker=262144"
    "memorysetup-temp-allocator-size-gfx=262144"
Player connection [9132] Host "[IP] 172.20.23.212 [Port] 0 [Flags] 2 [Guid] 1981592911 [EditorId] 1981592911 [Version] 1048832 [Id] WindowsEditor(7,A103-12) [Debug] 1 [PackageName] WindowsEditor [ProjectName] Editor" joined multi-casting on [225.0.0.222:54997]...
Player connection [9132] Host "[IP] 172.20.23.212 [Port] 0 [Flags] 2 [Guid] 1981592911 [EditorId] 1981592911 [Version] 1048832 [Id] WindowsEditor(7,A103-12) [Debug] 1 [PackageName] WindowsEditor [ProjectName] Editor" joined alternative multi-casting on [225.0.0.222:34997]...
JobSystem: Creating JobQueue using job-worker-count value 7
[Physics::Module] Initialized MultithreadedJobDispatcher with 7 workers.
Library Redirect Path: Library/
Refreshing native plugins compatible for Editor in 48.97 ms, found 3 plugins.
Preloading 0 native plugins for Editor in 0.00 ms.
Initialize engine version: 2023.2.20f1 (0e25a174756c)
[Subsystems] Discovering subsystems at path C:/Program Files/Unity/Hub/Editor/2023.2.20f1/Editor/Data/Resources/UnitySubsystems
[Subsystems] Discovering subsystems at path C:/Users/desoud/Desktop/BeatSaber/BeatSaber/Assets
GfxDevice: creating device client; kGfxThreadingModeNonThreaded
Direct3D:
    Version:  Direct3D 11.0 [level 11.1]
    Renderer: NVIDIA GeForce RTX 3060 (ID=0x2504)
    Vendor:   NVIDIA
    VRAM:     12143 MB
    Driver:   30.0.14.7212
Initialize mono
Mono path[0] = 'C:/Program Files/Unity/Hub/Editor/2023.2.20f1/Editor/Data/Managed'
Mono path[1] = 'C:/Program Files/Unity/Hub/Editor/2023.2.20f1/Editor/Data/MonoBleedingEdge/lib/mono/unityjit-win32'
Mono config path = 'C:/Program Files/Unity/Hub/Editor/2023.2.20f1/Editor/Data/MonoBleedingEdge/etc'
Using monoOptions --debugger-agent=transport=dt_socket,embedding=1,server=y,suspend=n,address=127.0.0.1:56676
Begin MonoManager ReloadAssembly
Registering precompiled unity dll's ...
Register platform support module: C:/Program Files/Unity/Hub/Editor/2023.2.20f1/Editor/Data/PlaybackEngines/WindowsStandaloneSupport/UnityEditor.WindowsStandalone.Extensions.dll
Register platform support module: C:/Program Files/Unity/Hub/Editor/2023.2.20f1/Editor/Data/PlaybackEngines/AndroidPlayer/UnityEditor.Android.Extensions.dll
Registered in 0.003713 seconds.
- Loaded All Assemblies, in  0.522 seconds
Native extension for Android target not found
Android Extension - Scanning For ADB Devices 162 ms
Native extension for WindowsStandalone target not found
Mono: successfully reloaded assembly
- Finished resetting the current domain, in  0.448 seconds
Domain Reload Profiling: 969ms
	BeginReloadAssembly (99ms)
		ExecutionOrderSort (0ms)
		DisableScriptedObjects (0ms)
		BackupInstance (0ms)
		ReleaseScriptingObjects (0ms)
		CreateAndSetChildDomain (1ms)
	RebuildCommonClasses (125ms)
	RebuildNativeTypeToScriptingClass (10ms)
	initialDomainReloadingComplete (39ms)
	LoadAllAssembliesAndSetupDomain (247ms)
		LoadAssemblies (97ms)
		RebuildTransferFunctionScriptingTraits (0ms)
		AnalyzeDomain (245ms)
			TypeCache.Refresh (244ms)
				TypeCache.ScanAssembly (234ms)
			BuildScriptInfoCaches (0ms)
			ResolveRequiredComponents (0ms)
	FinalizeReload (449ms)
		ReleaseScriptCaches (0ms)
		RebuildScriptCaches (0ms)
		SetupLoadedEditorAssemblies (404ms)
			LogAssemblyErrors (0ms)
			InitializePlatformSupportModulesInManaged (243ms)
			SetLoadedEditorAssemblies (3ms)
			BeforeProcessingInitializeOnLoad (4ms)
			ProcessInitializeOnLoadAttributes (112ms)
			ProcessInitializeOnLoadMethodAttributes (42ms)
			AfterProcessingInitializeOnLoad (0ms)
			EditorAssembliesLoaded (0ms)
		ExecutionOrderSort2 (0ms)
		AwakeInstancesAfterBackupRestoration (0ms)
========================================================================
Worker process is ready to serve import requests
Import Worker Mode flag is 0x00
Begin MonoManager ReloadAssembly
- Loaded All Assemblies, in  1.619 seconds
Refreshing native plugins compatible for Editor in 0.47 ms, found 3 plugins.
Native extension for Android target not found
Native extension for WindowsStandalone target not found
Mono: successfully reloaded assembly
- Finished resetting the current domain, in  0.480 seconds
Domain Reload Profiling: 2097ms
	BeginReloadAssembly (1241ms)
		ExecutionOrderSort (0ms)
		DisableScriptedObjects (4ms)
		BackupInstance (0ms)
		ReleaseScriptingObjects (0ms)
		CreateAndSetChildDomain (25ms)
	RebuildCommonClasses (27ms)
	RebuildNativeTypeToScriptingClass (10ms)
	initialDomainReloadingComplete (28ms)
	LoadAllAssembliesAndSetupDomain (311ms)
		LoadAssemblies (233ms)
		RebuildTransferFunctionScriptingTraits (0ms)
		AnalyzeDomain (156ms)
			TypeCache.Refresh (128ms)
				TypeCache.ScanAssembly (115ms)
			BuildScriptInfoCaches (19ms)
			ResolveRequiredComponents (4ms)
	FinalizeReload (481ms)
		ReleaseScriptCaches (0ms)
		RebuildScriptCaches (0ms)
		SetupLoadedEditorAssemblies (337ms)
			LogAssemblyErrors (0ms)
			InitializePlatformSupportModulesInManaged (13ms)
			SetLoadedEditorAssemblies (4ms)
			BeforeProcessingInitializeOnLoad (35ms)
			ProcessInitializeOnLoadAttributes (263ms)
			ProcessInitializeOnLoadMethodAttributes (18ms)
			AfterProcessingInitializeOnLoad (4ms)
			EditorAssembliesLoaded (0ms)
		ExecutionOrderSort2 (0ms)
		AwakeInstancesAfterBackupRestoration (6ms)
Launched and connected shader compiler UnityShaderCompiler.exe after 0.01 seconds
Refreshing native plugins compatible for Editor in 0.90 ms, found 3 plugins.
Preloading 0 native plugins for Editor in 0.00 ms.
Unloading 10 Unused Serialized files (Serialized files now loaded: 0)
Unloading 4250 unused Assets / (1.1 MB). Loaded Objects now: 4830.
Memory consumption went from 109.4 MB to 108.3 MB.
Total: 5.654700 ms (FindLiveObjects: 0.437800 ms CreateObjectMapping: 0.341200 ms MarkObjects: 3.784000 ms  DeleteObjects: 1.090900 ms)

========================================================================
Received Prepare
Begin MonoManager ReloadAssembly
- Loaded All Assemblies, in  0.554 seconds
Refreshing native plugins compatible for Editor in 0.77 ms, found 3 plugins.
Native extension for Android target not found
Native extension for WindowsStandalone target not found
Mono: successfully reloaded assembly
- Finished resetting the current domain, in  0.626 seconds
Domain Reload Profiling: 1180ms
	BeginReloadAssembly (168ms)
		ExecutionOrderSort (0ms)
		DisableScriptedObjects (5ms)
		BackupInstance (0ms)
		ReleaseScriptingObjects (0ms)
		CreateAndSetChildDomain (44ms)
	RebuildCommonClasses (33ms)
	RebuildNativeTypeToScriptingClass (18ms)
	initialDomainReloadingComplete (29ms)
	LoadAllAssembliesAndSetupDomain (305ms)
		LoadAssemblies (266ms)
		RebuildTransferFunctionScriptingTraits (0ms)
		AnalyzeDomain (124ms)
			TypeCache.Refresh (6ms)
				TypeCache.ScanAssembly (0ms)
			BuildScriptInfoCaches (110ms)
			ResolveRequiredComponents (5ms)
	FinalizeReload (627ms)
		ReleaseScriptCaches (0ms)
		RebuildScriptCaches (0ms)
		SetupLoadedEditorAssemblies (415ms)
			LogAssemblyErrors (0ms)
			InitializePlatformSupportModulesInManaged (16ms)
			SetLoadedEditorAssemblies (5ms)
			BeforeProcessingInitializeOnLoad (49ms)
			ProcessInitializeOnLoadAttributes (318ms)
			ProcessInitializeOnLoadMethodAttributes (23ms)
			AfterProcessingInitializeOnLoad (4ms)
			EditorAssembliesLoaded (0ms)
		ExecutionOrderSort2 (0ms)
		AwakeInstancesAfterBackupRestoration (9ms)
Refreshing native plugins compatible for Editor in 0.74 ms, found 3 plugins.
Preloading 0 native plugins for Editor in 0.00 ms.
Unloading 0 Unused Serialized files (Serialized files now loaded: 0)
Unloading 4248 unused Assets / (1.2 MB). Loaded Objects now: 4830.
Memory consumption went from 109.1 MB to 107.9 MB.
Total: 5.361600 ms (FindLiveObjects: 0.405900 ms CreateObjectMapping: 0.309100 ms MarkObjects: 3.587900 ms  DeleteObjects: 1.057500 ms)

Prepare: number of updated asset objects reloaded= 0
========================================================================
Received Prepare
Begin MonoManager ReloadAssembly
- Loaded All Assemblies, in  0.469 seconds
Refreshing native plugins compatible for Editor in 0.49 ms, found 3 plugins.
Native extension for Android target not found
Native extension for WindowsStandalone target not found
Mono: successfully reloaded assembly
- Finished resetting the current domain, in  0.471 seconds
Domain Reload Profiling: 941ms
	BeginReloadAssembly (144ms)
		ExecutionOrderSort (0ms)
		DisableScriptedObjects (4ms)
		BackupInstance (0ms)
		ReleaseScriptingObjects (0ms)
		CreateAndSetChildDomain (36ms)
	RebuildCommonClasses (27ms)
	RebuildNativeTypeToScriptingClass (10ms)
	initialDomainReloadingComplete (19ms)
	LoadAllAssembliesAndSetupDomain (269ms)
		LoadAssemblies (226ms)
		RebuildTransferFunctionScriptingTraits (0ms)
		AnalyzeDomain (115ms)
			TypeCache.Refresh (5ms)
				TypeCache.ScanAssembly (0ms)
			BuildScriptInfoCaches (102ms)
			ResolveRequiredComponents (4ms)
	FinalizeReload (472ms)
		ReleaseScriptCaches (0ms)
		RebuildScriptCaches (0ms)
		SetupLoadedEditorAssemblies (308ms)
			LogAssemblyErrors (0ms)
			InitializePlatformSupportModulesInManaged (14ms)
			SetLoadedEditorAssemblies (4ms)
			BeforeProcessingInitializeOnLoad (35ms)
			ProcessInitializeOnLoadAttributes (233ms)
			ProcessInitializeOnLoadMethodAttributes (19ms)
			AfterProcessingInitializeOnLoad (4ms)
			EditorAssembliesLoaded (0ms)
		ExecutionOrderSort2 (0ms)
		AwakeInstancesAfterBackupRestoration (8ms)
Refreshing native plugins compatible for Editor in 0.58 ms, found 3 plugins.
Preloading 0 native plugins for Editor in 0.00 ms.
Unloading 0 Unused Serialized files (Serialized files now loaded: 0)
Unloading 4248 unused Assets / (1.1 MB). Loaded Objects now: 4830.
Memory consumption went from 111.0 MB to 109.9 MB.
Total: 6.914600 ms (FindLiveObjects: 0.416600 ms CreateObjectMapping: 0.351200 ms MarkObjects: 5.140200 ms  DeleteObjects: 0.993100 ms)

Prepare: number of updated asset objects reloaded= 0
========================================================================
Received Prepare
Begin MonoManager ReloadAssembly
- Loaded All Assemblies, in  0.468 seconds
Refreshing native plugins compatible for Editor in 0.56 ms, found 3 plugins.
Native extension for Android target not found
Native extension for WindowsStandalone target not found
Mono: successfully reloaded assembly
- Finished resetting the current domain, in  0.466 seconds
Domain Reload Profiling: 935ms
	BeginReloadAssembly (144ms)
		ExecutionOrderSort (0ms)
		DisableScriptedObjects (4ms)
		BackupInstance (0ms)
		ReleaseScriptingObjects (0ms)
		CreateAndSetChildDomain (33ms)
	RebuildCommonClasses (27ms)
	RebuildNativeTypeToScriptingClass (10ms)
	initialDomainReloadingComplete (19ms)
	LoadAllAssembliesAndSetupDomain (268ms)
		LoadAssemblies (224ms)
		RebuildTransferFunctionScriptingTraits (0ms)
		AnalyzeDomain (119ms)
			TypeCache.Refresh (5ms)
				TypeCache.ScanAssembly (0ms)
			BuildScriptInfoCaches (106ms)
			ResolveRequiredComponents (4ms)
	FinalizeReload (467ms)
		ReleaseScriptCaches (0ms)
		RebuildScriptCaches (0ms)
		SetupLoadedEditorAssemblies (308ms)
			LogAssemblyErrors (0ms)
			InitializePlatformSupportModulesInManaged (15ms)
			SetLoadedEditorAssemblies (5ms)
			BeforeProcessingInitializeOnLoad (35ms)
			ProcessInitializeOnLoadAttributes (232ms)
			ProcessInitializeOnLoadMethodAttributes (16ms)
			AfterProcessingInitializeOnLoad (5ms)
			EditorAssembliesLoaded (0ms)
		ExecutionOrderSort2 (0ms)
		AwakeInstancesAfterBackupRestoration (7ms)
Refreshing native plugins compatible for Editor in 0.58 ms, found 3 plugins.
Preloading 0 native plugins for Editor in 0.00 ms.
Unloading 0 Unused Serialized files (Serialized files now loaded: 0)
Unloading 4248 unused Assets / (1.1 MB). Loaded Objects now: 4830.
Memory consumption went from 112.9 MB to 111.8 MB.
Total: 4.956800 ms (FindLiveObjects: 0.370000 ms CreateObjectMapping: 0.299500 ms MarkObjects: 3.336500 ms  DeleteObjects: 0.950000 ms)

Prepare: number of updated asset objects reloaded= 0
========================================================================
Received Prepare
Refreshing native plugins compatible for Editor in 0.62 ms, found 3 plugins.
Preloading 0 native plugins for Editor in 0.00 ms.
Unloading 0 Unused Serialized files (Serialized files now loaded: 0)
Unloading 4242 unused Assets / (1.1 MB). Loaded Objects now: 4830.
Memory consumption went from 113.1 MB to 112.0 MB.
Total: 6.933400 ms (FindLiveObjects: 0.415100 ms CreateObjectMapping: 0.340700 ms MarkObjects: 5.157900 ms  DeleteObjects: 1.018500 ms)

Prepare: number of updated asset objects reloaded= 0
========================================================================
Received Prepare
Begin MonoManager ReloadAssembly
- Loaded All Assemblies, in  0.528 seconds
Refreshing native plugins compatible for Editor in 0.91 ms, found 3 plugins.
Native extension for Android target not found
Native extension for WindowsStandalone target not found
Mono: successfully reloaded assembly
- Finished resetting the current domain, in  0.512 seconds
Domain Reload Profiling: 1041ms
	BeginReloadAssembly (159ms)
		ExecutionOrderSort (0ms)
		DisableScriptedObjects (5ms)
		BackupInstance (0ms)
		ReleaseScriptingObjects (0ms)
		CreateAndSetChildDomain (35ms)
	RebuildCommonClasses (29ms)
	RebuildNativeTypeToScriptingClass (11ms)
	initialDomainReloadingComplete (21ms)
	LoadAllAssembliesAndSetupDomain (309ms)
		LoadAssemblies (254ms)
		RebuildTransferFunctionScriptingTraits (0ms)
		AnalyzeDomain (140ms)
			TypeCache.Refresh (8ms)
				TypeCache.ScanAssembly (0ms)
			BuildScriptInfoCaches (122ms)
			ResolveRequiredComponents (7ms)
	FinalizeReload (513ms)
		ReleaseScriptCaches (0ms)
		RebuildScriptCaches (0ms)
		SetupLoadedEditorAssemblies (339ms)
			LogAssemblyErrors (0ms)
			InitializePlatformSupportModulesInManaged (16ms)
			SetLoadedEditorAssemblies (4ms)
			BeforeProcessingInitializeOnLoad (38ms)
			ProcessInitializeOnLoadAttributes (257ms)
			ProcessInitializeOnLoadMethodAttributes (20ms)
			AfterProcessingInitializeOnLoad (3ms)
			EditorAssembliesLoaded (0ms)
		ExecutionOrderSort2 (0ms)
		AwakeInstancesAfterBackupRestoration (8ms)
Refreshing native plugins compatible for Editor in 0.62 ms, found 3 plugins.
Preloading 0 native plugins for Editor in 0.00 ms.
Unloading 0 Unused Serialized files (Serialized files now loaded: 0)
Unloading 4248 unused Assets / (1.1 MB). Loaded Objects now: 4830.
Memory consumption went from 114.9 MB to 113.8 MB.
Total: 5.156100 ms (FindLiveObjects: 0.380900 ms CreateObjectMapping: 0.341900 ms MarkObjects: 3.420800 ms  DeleteObjects: 1.011700 ms)

Prepare: number of updated asset objects reloaded= 0
========================================================================
Received Import Request.
  Time since last request: 609229.516268 seconds.
  path: Assets/Cubes/Cube Variant.prefab
  artifactKey: Guid(9cf47dcdf995a924ba0376b25373d65c) Importer(815301076,1909f56bfc062723c751e8b465ee728b)
Start importing Assets/Cubes/Cube Variant.prefab using Guid(9cf47dcdf995a924ba0376b25373d65c) Importer(815301076,1909f56bfc062723c751e8b465ee728b) (PreviewImporter)UnityException: Internal_CreateGameObject is not allowed to be called from a MonoBehaviour constructor (or instance field initializer), call it in Awake or Start instead. Called from MonoBehaviour 'RotationController'.
See "Script Serialization" page in the Unity Manual for further details.
  at (wrapper managed-to-native) UnityEngine.GameObject.Internal_CreateGameObject_Injected(UnityEngine.GameObject,UnityEngine.Bindings.ManagedSpanWrapper&)
  at UnityEngine.GameObject.Internal_CreateGameObject (UnityEngine.GameObject self, System.String name) [0x0002a] in <e509afeff7384f24a8f0ac30527ff01c>:0 
  at UnityEngine.GameObject..ctor () [0x00008] in <e509afeff7384f24a8f0ac30527ff01c>:0 
  at RotationController..ctor () [0x00000] in C:\Users\desoud\Desktop\BeatSaber\BeatSaber\Assets\Scripts\RotationController.cs:7 

(Filename: Assets/Scripts/RotationController.cs Line: 7)

UnityException: Internal_CreateGameObject is not allowed to be called from a MonoBehaviour constructor (or instance field initializer), call it in Awake or Start instead. Called from MonoBehaviour 'RotationController'.
See "Script Serialization" page in the Unity Manual for further details.
  at (wrapper managed-to-native) UnityEngine.GameObject.Internal_CreateGameObject_Injected(UnityEngine.GameObject,UnityEngine.Bindings.ManagedSpanWrapper&)
  at UnityEngine.GameObject.Internal_CreateGameObject (UnityEngine.GameObject self, System.String name) [0x0002a] in <e509afeff7384f24a8f0ac30527ff01c>:0 
  at UnityEngine.GameObject..ctor () [0x00008] in <e509afeff7384f24a8f0ac30527ff01c>:0 
  at RotationController..ctor () [0x00000] in C:\Users\desoud\Desktop\BeatSaber\BeatSaber\Assets\Scripts\RotationController.cs:7 
UnityEditor.PrefabUtility:IsPartOfVariantPrefab_Injected(IntPtr)
UnityEditor.PrefabUtility:IsPartOfVariantPrefab(Object)
UnityEditor.GameObjectInspector:OnEnable()
UnityEditor.Editor:CreateEditorWithContextInternal_Injected(Object[], IntPtr, Type)
UnityEditor.Editor:CreateEditorWithContextInternal(Object[], Object, Type)
UnityEditor.Editor:CreateEditorWithContext(Object[], Object, Type)
UnityEditor.Editor:CreateEditor(Object, Type)
UnityEditor.Editor:CreateEditor(Object)
UnityEditor.AssetPreviewUpdater:CreatePreview(Object, Object[], String, Int32, Int32)
UnityEditor.AssetPreviewUpdater:CreatePreviewForAsset(Object, Object[], String)

(Filename: Assets/Scripts/RotationController.cs Line: 7)

UnityException: Internal_CreateGameObject is not allowed to be called from a MonoBehaviour constructor (or instance field initializer), call it in Awake or Start instead. Called from MonoBehaviour 'RotationController'.
See "Script Serialization" page in the Unity Manual for further details.
  at (wrapper managed-to-native) UnityEngine.GameObject.Internal_CreateGameObject_Injected(UnityEngine.GameObject,UnityEngine.Bindings.ManagedSpanWrapper&)
  at UnityEngine.GameObject.Internal_CreateGameObject (UnityEngine.GameObject self, System.String name) [0x0002a] in <e509afeff7384f24a8f0ac30527ff01c>:0 
  at UnityEngine.GameObject..ctor () [0x00008] in <e509afeff7384f24a8f0ac30527ff01c>:0 
  at RotationController..ctor () [0x00000] in C:\Users\desoud\Desktop\BeatSaber\BeatSaber\Assets\Scripts\RotationController.cs:7 
UnityEditor.EditorUtility:Internal_InstantiateRemoveAllNonAnimationComponentsSingle_Injected(IntPtr, Vector3&, Quaternion&)
UnityEditor.EditorUtility:Internal_InstantiateRemoveAllNonAnimationComponentsSingle(Object, Vector3, Quaternion)
UnityEditor.EditorUtility:InstantiateRemoveAllNonAnimationComponents(Object, Vector3, Quaternion)
UnityEditor.EditorUtility:InstantiateForAnimatorPreview(Object)
UnityEditor.PreviewData:UpdateGameObject(Object)
UnityEditor.PreviewData:.ctor(Object, Boolean)
UnityEditor.GameObjectInspector:GetPreviewData(Boolean)
UnityEditor.GameObjectInspector:RenderStaticPreview(String, Object[], Int32, Int32)
UnityEditor.AssetPreviewUpdater:CreatePreview(Object, Object[], String, Int32, Int32)
UnityEditor.AssetPreviewUpdater:CreatePreviewForAsset(Object, Object[], String)

(Filename: Assets/Scripts/RotationController.cs Line: 7)

 -> (artifact id: 'd04334055d5300774ded0175f5e90b6d') in 0.1224593 seconds
Number of updated asset objects reloaded before import = 0Number of asset objects unloaded after import = 23

========================================================================
Received Import Request.
  Time since last request: 0.000031 seconds.
  path: Assets/Cubes/Cube Variant Variant.prefab
  artifactKey: Guid(99b66e6aa50ab524b9dd49826f827307) Importer(815301076,1909f56bfc062723c751e8b465ee728b)
Start importing Assets/Cubes/Cube Variant Variant.prefab using Guid(99b66e6aa50ab524b9dd49826f827307) Importer(815301076,1909f56bfc062723c751e8b465ee728b) (PreviewImporter)UnityException: Internal_CreateGameObject is not allowed to be called from a MonoBehaviour constructor (or instance field initializer), call it in Awake or Start instead. Called from MonoBehaviour 'RotationController'.
See "Script Serialization" page in the Unity Manual for further details.
  at (wrapper managed-to-native) UnityEngine.GameObject.Internal_CreateGameObject_Injected(UnityEngine.GameObject,UnityEngine.Bindings.ManagedSpanWrapper&)
  at UnityEngine.GameObject.Internal_CreateGameObject (UnityEngine.GameObject self, System.String name) [0x0002a] in <e509afeff7384f24a8f0ac30527ff01c>:0 
  at UnityEngine.GameObject..ctor () [0x00008] in <e509afeff7384f24a8f0ac30527ff01c>:0 
  at RotationController..ctor () [0x00000] in C:\Users\desoud\Desktop\BeatSaber\BeatSaber\Assets\Scripts\RotationController.cs:7 

(Filename: Assets/Scripts/RotationController.cs Line: 7)

UnityException: Internal_CreateGameObject is not allowed to be called from a MonoBehaviour constructor (or instance field initializer), call it in Awake or Start instead. Called from MonoBehaviour 'RotationController'.
See "Script Serialization" page in the Unity Manual for further details.
  at (wrapper managed-to-native) UnityEngine.GameObject.Internal_CreateGameObject_Injected(UnityEngine.GameObject,UnityEngine.Bindings.ManagedSpanWrapper&)
  at UnityEngine.GameObject.Internal_CreateGameObject (UnityEngine.GameObject self, System.String name) [0x0002a] in <e509afeff7384f24a8f0ac30527ff01c>:0 
  at UnityEngine.GameObject..ctor () [0x00008] in <e509afeff7384f24a8f0ac30527ff01c>:0 
  at RotationController..ctor () [0x00000] in C:\Users\desoud\Desktop\BeatSaber\BeatSaber\Assets\Scripts\RotationController.cs:7 
UnityEditor.PrefabUtility:IsPartOfVariantPrefab_Injected(IntPtr)
UnityEditor.PrefabUtility:IsPartOfVariantPrefab(Object)
UnityEditor.GameObjectInspector:OnEnable()
UnityEditor.Editor:CreateEditorWithContextInternal_Injected(Object[], IntPtr, Type)
UnityEditor.Editor:CreateEditorWithContextInternal(Object[], Object, Type)
UnityEditor.Editor:CreateEditorWithContext(Object[], Object, Type)
UnityEditor.Editor:CreateEditor(Object, Type)
UnityEditor.Editor:CreateEditor(Object)
UnityEditor.AssetPreviewUpdater:CreatePreview(Object, Object[], String, Int32, Int32)
UnityEditor.AssetPreviewUpdater:CreatePreviewForAsset(Object, Object[], String)

(Filename: Assets/Scripts/RotationController.cs Line: 7)

UnityException: Internal_CreateGameObject is not allowed to be called from a MonoBehaviour constructor (or instance field initializer), call it in Awake or Start instead. Called from MonoBehaviour 'RotationController'.
See "Script Serialization" page in the Unity Manual for further details.
  at (wrapper managed-to-native) UnityEngine.GameObject.Internal_CreateGameObject_Injected(UnityEngine.GameObject,UnityEngine.Bindings.ManagedSpanWrapper&)
  at UnityEngine.GameObject.Internal_CreateGameObject (UnityEngine.GameObject self, System.String name) [0x0002a] in <e509afeff7384f24a8f0ac30527ff01c>:0 
  at UnityEngine.GameObject..ctor () [0x00008] in <e509afeff7384f24a8f0ac30527ff01c>:0 
  at RotationController..ctor () [0x00000] in C:\Users\desoud\Desktop\BeatSaber\BeatSaber\Assets\Scripts\RotationController.cs:7 
UnityEditor.PrefabUtility:GetOriginalSourceOrVariantRoot_Injected(IntPtr)
UnityEditor.PrefabUtility:GetOriginalSourceOrVariantRoot(Object)
UnityEditor.GameObjectInspector:CalculatePrefabStatus()
UnityEditor.GameObjectInspector:OnEnable()
UnityEditor.Editor:CreateEditorWithContextInternal_Injected(Object[], IntPtr, Type)
UnityEditor.Editor:CreateEditorWithContextInternal(Object[], Object, Type)
UnityEditor.Editor:CreateEditorWithContext(Object[], Object, Type)
UnityEditor.Editor:CreateEditor(Object, Type)
UnityEditor.Editor:CreateEditor(Object)
UnityEditor.AssetPreviewUpdater:CreatePreview(Object, Object[], String, Int32, Int32)
UnityEditor.AssetPreviewUpdater:CreatePreviewForAsset(Object, Object[], String)

(Filename: Assets/Scripts/RotationController.cs Line: 7)

UnityException: Internal_CreateGameObject is not allowed to be called from a MonoBehaviour constructor (or instance field initializer), call it in Awake or Start instead. Called from MonoBehaviour 'RotationController'.
See "Script Serialization" page in the Unity Manual for further details.
  at (wrapper managed-to-native) UnityEngine.GameObject.Internal_CreateGameObject_Injected(UnityEngine.GameObject,UnityEngine.Bindings.ManagedSpanWrapper&)
  at UnityEngine.GameObject.Internal_CreateGameObject (UnityEngine.GameObject self, System.String name) [0x0002a] in <e509afeff7384f24a8f0ac30527ff01c>:0 
  at UnityEngine.GameObject..ctor () [0x00008] in <e509afeff7384f24a8f0ac30527ff01c>:0 
  at RotationController..ctor () [0x00000] in C:\Users\desoud\Desktop\BeatSaber\BeatSaber\Assets\Scripts\RotationController.cs:7 
UnityEditor.EditorUtility:Internal_InstantiateRemoveAllNonAnimationComponentsSingle_Injected(IntPtr, Vector3&, Quaternion&)
UnityEditor.EditorUtility:Internal_InstantiateRemoveAllNonAnimationComponentsSingle(Object, Vector3, Quaternion)
UnityEditor.EditorUtility:InstantiateRemoveAllNonAnimationComponents(Object, Vector3, Quaternion)
UnityEditor.EditorUtility:InstantiateForAnimatorPreview(Object)
UnityEditor.PreviewData:UpdateGameObject(Object)
UnityEditor.PreviewData:.ctor(Object, Boolean)
UnityEditor.GameObjectInspector:GetPreviewData(Boolean)
UnityEditor.GameObjectInspector:RenderStaticPreview(String, Object[], Int32, Int32)
UnityEditor.AssetPreviewUpdater:CreatePreview(Object, Object[], String, Int32, Int32)
UnityEditor.AssetPreviewUpdater:CreatePreviewForAsset(Object, Object[], String)

(Filename: Assets/Scripts/RotationController.cs Line: 7)

 -> (artifact id: '2ee9a6fc1899136c58a27380c8eef61e') in 0.031898 seconds
Number of updated asset objects reloaded before import = 0Number of asset objects unloaded after import = 37

========================================================================
Received Import Request.
  Time since last request: 0.000023 seconds.
  path: Assets/Cubes/Cube Variant 1.prefab
  artifactKey: Guid(a9e91f9404b108143bf11ceb8db2c49c) Importer(815301076,1909f56bfc062723c751e8b465ee728b)
Start importing Assets/Cubes/Cube Variant 1.prefab using Guid(a9e91f9404b108143bf11ceb8db2c49c) Importer(815301076,1909f56bfc062723c751e8b465ee728b) (PreviewImporter)UnityException: Internal_CreateGameObject is not allowed to be called from a MonoBehaviour constructor (or instance field initializer), call it in Awake or Start instead. Called from MonoBehaviour 'RotationController'.
See "Script Serialization" page in the Unity Manual for further details.
  at (wrapper managed-to-native) UnityEngine.GameObject.Internal_CreateGameObject_Injected(UnityEngine.GameObject,UnityEngine.Bindings.ManagedSpanWrapper&)
  at UnityEngine.GameObject.Internal_CreateGameObject (UnityEngine.GameObject self, System.String name) [0x0002a] in <e509afeff7384f24a8f0ac30527ff01c>:0 
  at UnityEngine.GameObject..ctor () [0x00008] in <e509afeff7384f24a8f0ac30527ff01c>:0 
  at RotationController..ctor () [0x00000] in C:\Users\desoud\Desktop\BeatSaber\BeatSaber\Assets\Scripts\RotationController.cs:7 

(Filename: Assets/Scripts/RotationController.cs Line: 7)

UnityException: Internal_CreateGameObject is not allowed to be called from a MonoBehaviour constructor (or instance field initializer), call it in Awake or Start instead. Called from MonoBehaviour 'RotationController'.
See "Script Serialization" page in the Unity Manual for further details.
  at (wrapper managed-to-native) UnityEngine.GameObject.Internal_CreateGameObject_Injected(UnityEngine.GameObject,UnityEngine.Bindings.ManagedSpanWrapper&)
  at UnityEngine.GameObject.Internal_CreateGameObject (UnityEngine.GameObject self, System.String name) [0x0002a] in <e509afeff7384f24a8f0ac30527ff01c>:0 
  at UnityEngine.GameObject..ctor () [0x00008] in <e509afeff7384f24a8f0ac30527ff01c>:0 
  at RotationController..ctor () [0x00000] in C:\Users\desoud\Desktop\BeatSaber\BeatSaber\Assets\Scripts\RotationController.cs:7 
UnityEditor.PrefabUtility:IsPartOfVariantPrefab_Injected(IntPtr)
UnityEditor.PrefabUtility:IsPartOfVariantPrefab(Object)
UnityEditor.GameObjectInspector:OnEnable()
UnityEditor.Editor:CreateEditorWithContextInternal_Injected(Object[], IntPtr, Type)
UnityEditor.Editor:CreateEditorWithContextInternal(Object[], Object, Type)
UnityEditor.Editor:CreateEditorWithContext(Object[], Object, Type)
UnityEditor.Editor:CreateEditor(Object, Type)
UnityEditor.Editor:CreateEditor(Object)
UnityEditor.AssetPreviewUpdater:CreatePreview(Object, Object[], String, Int32, Int32)
UnityEditor.AssetPreviewUpdater:CreatePreviewForAsset(Object, Object[], String)

(Filename: Assets/Scripts/RotationController.cs Line: 7)

UnityException: Internal_CreateGameObject is not allowed to be called from a MonoBehaviour constructor (or instance field initializer), call it in Awake or Start instead. Called from MonoBehaviour 'RotationController'.
See "Script Serialization" page in the Unity Manual for further details.
  at (wrapper managed-to-native) UnityEngine.GameObject.Internal_CreateGameObject_Injected(UnityEngine.GameObject,UnityEngine.Bindings.ManagedSpanWrapper&)
  at UnityEngine.GameObject.Internal_CreateGameObject (UnityEngine.GameObject self, System.String name) [0x0002a] in <e509afeff7384f24a8f0ac30527ff01c>:0 
  at UnityEngine.GameObject..ctor () [0x00008] in <e509afeff7384f24a8f0ac30527ff01c>:0 
  at RotationController..ctor () [0x00000] in C:\Users\desoud\Desktop\BeatSaber\BeatSaber\Assets\Scripts\RotationController.cs:7 
UnityEditor.EditorUtility:Internal_InstantiateRemoveAllNonAnimationComponentsSingle_Injected(IntPtr, Vector3&, Quaternion&)
UnityEditor.EditorUtility:Internal_InstantiateRemoveAllNonAnimationComponentsSingle(Object, Vector3, Quaternion)
UnityEditor.EditorUtility:InstantiateRemoveAllNonAnimationComponents(Object, Vector3, Quaternion)
UnityEditor.EditorUtility:InstantiateForAnimatorPreview(Object)
UnityEditor.PreviewData:UpdateGameObject(Object)
UnityEditor.PreviewData:.ctor(Object, Boolean)
UnityEditor.GameObjectInspector:GetPreviewData(Boolean)
UnityEditor.GameObjectInspector:RenderStaticPreview(String, Object[], Int32, Int32)
UnityEditor.AssetPreviewUpdater:CreatePreview(Object, Object[], String, Int32, Int32)
UnityEditor.AssetPreviewUpdater:CreatePreviewForAsset(Object, Object[], String)

(Filename: Assets/Scripts/RotationController.cs Line: 7)

 -> (artifact id: '89ac990c43e735b32ff75f00735e10fb') in 0.0231678 seconds
Number of updated asset objects reloaded before import = 0Number of asset objects unloaded after import = 23

========================================================================
Received Import Request.
  Time since last request: 0.000017 seconds.
  path: Assets/Cubes/Cube Variant Variant 1.prefab
  artifactKey: Guid(32f068b2f50ced44a9ba3f1ac46f6d0d) Importer(815301076,1909f56bfc062723c751e8b465ee728b)
Start importing Assets/Cubes/Cube Variant Variant 1.prefab using Guid(32f068b2f50ced44a9ba3f1ac46f6d0d) Importer(815301076,1909f56bfc062723c751e8b465ee728b) (PreviewImporter)UnityException: Internal_CreateGameObject is not allowed to be called from a MonoBehaviour constructor (or instance field initializer), call it in Awake or Start instead. Called from MonoBehaviour 'RotationController'.
See "Script Serialization" page in the Unity Manual for further details.
  at (wrapper managed-to-native) UnityEngine.GameObject.Internal_CreateGameObject_Injected(UnityEngine.GameObject,UnityEngine.Bindings.ManagedSpanWrapper&)
  at UnityEngine.GameObject.Internal_CreateGameObject (UnityEngine.GameObject self, System.String name) [0x0002a] in <e509afeff7384f24a8f0ac30527ff01c>:0 
  at UnityEngine.GameObject..ctor () [0x00008] in <e509afeff7384f24a8f0ac30527ff01c>:0 
  at RotationController..ctor () [0x00000] in C:\Users\desoud\Desktop\BeatSaber\BeatSaber\Assets\Scripts\RotationController.cs:7 

(Filename: Assets/Scripts/RotationController.cs Line: 7)

UnityException: Internal_CreateGameObject is not allowed to be called from a MonoBehaviour constructor (or instance field initializer), call it in Awake or Start instead. Called from MonoBehaviour 'RotationController'.
See "Script Serialization" page in the Unity Manual for further details.
  at (wrapper managed-to-native) UnityEngine.GameObject.Internal_CreateGameObject_Injected(UnityEngine.GameObject,UnityEngine.Bindings.ManagedSpanWrapper&)
  at UnityEngine.GameObject.Internal_CreateGameObject (UnityEngine.GameObject self, System.String name) [0x0002a] in <e509afeff7384f24a8f0ac30527ff01c>:0 
  at UnityEngine.GameObject..ctor () [0x00008] in <e509afeff7384f24a8f0ac30527ff01c>:0 
  at RotationController..ctor () [0x00000] in C:\Users\desoud\Desktop\BeatSaber\BeatSaber\Assets\Scripts\RotationController.cs:7 
UnityEditor.PrefabUtility:IsPartOfVariantPrefab_Injected(IntPtr)
UnityEditor.PrefabUtility:IsPartOfVariantPrefab(Object)
UnityEditor.GameObjectInspector:OnEnable()
UnityEditor.Editor:CreateEditorWithContextInternal_Injected(Object[], IntPtr, Type)
UnityEditor.Editor:CreateEditorWithContextInternal(Object[], Object, Type)
UnityEditor.Editor:CreateEditorWithContext(Object[], Object, Type)
UnityEditor.Editor:CreateEditor(Object, Type)
UnityEditor.Editor:CreateEditor(Object)
UnityEditor.AssetPreviewUpdater:CreatePreview(Object, Object[], String, Int32, Int32)
UnityEditor.AssetPreviewUpdater:CreatePreviewForAsset(Object, Object[], String)

(Filename: Assets/Scripts/RotationController.cs Line: 7)

UnityException: Internal_CreateGameObject is not allowed to be called from a MonoBehaviour constructor (or instance field initializer), call it in Awake or Start instead. Called from MonoBehaviour 'RotationController'.
See "Script Serialization" page in the Unity Manual for further details.
  at (wrapper managed-to-native) UnityEngine.GameObject.Internal_CreateGameObject_Injected(UnityEngine.GameObject,UnityEngine.Bindings.ManagedSpanWrapper&)
  at UnityEngine.GameObject.Internal_CreateGameObject (UnityEngine.GameObject self, System.String name) [0x0002a] in <e509afeff7384f24a8f0ac30527ff01c>:0 
  at UnityEngine.GameObject..ctor () [0x00008] in <e509afeff7384f24a8f0ac30527ff01c>:0 
  at RotationController..ctor () [0x00000] in C:\Users\desoud\Desktop\BeatSaber\BeatSaber\Assets\Scripts\RotationController.cs:7 
UnityEditor.PrefabUtility:GetOriginalSourceOrVariantRoot_Injected(IntPtr)
UnityEditor.PrefabUtility:GetOriginalSourceOrVariantRoot(Object)
UnityEditor.GameObjectInspector:CalculatePrefabStatus()
UnityEditor.GameObjectInspector:OnEnable()
UnityEditor.Editor:CreateEditorWithContextInternal_Injected(Object[], IntPtr, Type)
UnityEditor.Editor:CreateEditorWithContextInternal(Object[], Object, Type)
UnityEditor.Editor:CreateEditorWithContext(Object[], Object, Type)
UnityEditor.Editor:CreateEditor(Object, Type)
UnityEditor.Editor:CreateEditor(Object)
UnityEditor.AssetPreviewUpdater:CreatePreview(Object, Object[], String, Int32, Int32)
UnityEditor.AssetPreviewUpdater:CreatePreviewForAsset(Object, Object[], String)

(Filename: Assets/Scripts/RotationController.cs Line: 7)

UnityException: Internal_CreateGameObject is not allowed to be called from a MonoBehaviour constructor (or instance field initializer), call it in Awake or Start instead. Called from MonoBehaviour 'RotationController'.
See "Script Serialization" page in the Unity Manual for further details.
  at (wrapper managed-to-native) UnityEngine.GameObject.Internal_CreateGameObject_Injected(UnityEngine.GameObject,UnityEngine.Bindings.ManagedSpanWrapper&)
  at UnityEngine.GameObject.Internal_CreateGameObject (UnityEngine.GameObject self, System.String name) [0x0002a] in <e509afeff7384f24a8f0ac30527ff01c>:0 
  at UnityEngine.GameObject..ctor () [0x00008] in <e509afeff7384f24a8f0ac30527ff01c>:0 
  at RotationController..ctor () [0x00000] in C:\Users\desoud\Desktop\BeatSaber\BeatSaber\Assets\Scripts\RotationController.cs:7 
UnityEditor.EditorUtility:Internal_InstantiateRemoveAllNonAnimationComponentsSingle_Injected(IntPtr, Vector3&, Quaternion&)
UnityEditor.EditorUtility:Internal_InstantiateRemoveAllNonAnimationComponentsSingle(Object, Vector3, Quaternion)
UnityEditor.EditorUtility:InstantiateRemoveAllNonAnimationComponents(Object, Vector3, Quaternion)
UnityEditor.EditorUtility:InstantiateForAnimatorPreview(Object)
UnityEditor.PreviewData:UpdateGameObject(Object)
UnityEditor.PreviewData:.ctor(Object, Boolean)
UnityEditor.GameObjectInspector:GetPreviewData(Boolean)
UnityEditor.GameObjectInspector:RenderStaticPreview(String, Object[], Int32, Int32)
UnityEditor.AssetPreviewUpdater:CreatePreview(Object, Object[], String, Int32, Int32)
UnityEditor.AssetPreviewUpdater:CreatePreviewForAsset(Object, Object[], String)

(Filename: Assets/Scripts/RotationController.cs Line: 7)

 -> (artifact id: 'deb0096a399c131f1c9a7c27a9bfe066') in 0.0272561 seconds
Number of updated asset objects reloaded before import = 0Number of asset objects unloaded after import = 38

========================================================================
Received Import Request.
  Time since last request: 37.619763 seconds.
  path: Assets/Cubes/Cube Variant 1 Variant.prefab
  artifactKey: Guid(c46c9262277651649ae59d2a4da69e9a) Importer(815301076,1909f56bfc062723c751e8b465ee728b)
Start importing Assets/Cubes/Cube Variant 1 Variant.prefab using Guid(c46c9262277651649ae59d2a4da69e9a) Importer(815301076,1909f56bfc062723c751e8b465ee728b) (PreviewImporter)UnityException: Internal_CreateGameObject is not allowed to be called from a MonoBehaviour constructor (or instance field initializer), call it in Awake or Start instead. Called from MonoBehaviour 'RotationController'.
See "Script Serialization" page in the Unity Manual for further details.
  at (wrapper managed-to-native) UnityEngine.GameObject.Internal_CreateGameObject_Injected(UnityEngine.GameObject,UnityEngine.Bindings.ManagedSpanWrapper&)
  at UnityEngine.GameObject.Internal_CreateGameObject (UnityEngine.GameObject self, System.String name) [0x0002a] in <e509afeff7384f24a8f0ac30527ff01c>:0 
  at UnityEngine.GameObject..ctor () [0x00008] in <e509afeff7384f24a8f0ac30527ff01c>:0 
  at RotationController..ctor () [0x00000] in C:\Users\desoud\Desktop\BeatSaber\BeatSaber\Assets\Scripts\RotationController.cs:7 

(Filename: Assets/Scripts/RotationController.cs Line: 7)

UnityException: Internal_CreateGameObject is not allowed to be called from a MonoBehaviour constructor (or instance field initializer), call it in Awake or Start instead. Called from MonoBehaviour 'RotationController'.
See "Script Serialization" page in the Unity Manual for further details.
  at (wrapper managed-to-native) UnityEngine.GameObject.Internal_CreateGameObject_Injected(UnityEngine.GameObject,UnityEngine.Bindings.ManagedSpanWrapper&)
  at UnityEngine.GameObject.Internal_CreateGameObject (UnityEngine.GameObject self, System.String name) [0x0002a] in <e509afeff7384f24a8f0ac30527ff01c>:0 
  at UnityEngine.GameObject..ctor () [0x00008] in <e509afeff7384f24a8f0ac30527ff01c>:0 
  at RotationController..ctor () [0x00000] in C:\Users\desoud\Desktop\BeatSaber\BeatSaber\Assets\Scripts\RotationController.cs:7 
UnityEditor.PrefabUtility:IsPartOfVariantPrefab_Injected(IntPtr)
UnityEditor.PrefabUtility:IsPartOfVariantPrefab(Object)
UnityEditor.GameObjectInspector:OnEnable()
UnityEditor.Editor:CreateEditorWithContextInternal_Injected(Object[], IntPtr, Type)
UnityEditor.Editor:CreateEditorWithContextInternal(Object[], Object, Type)
UnityEditor.Editor:CreateEditorWithContext(Object[], Object, Type)
UnityEditor.Editor:CreateEditor(Object, Type)
UnityEditor.Editor:CreateEditor(Object)
UnityEditor.AssetPreviewUpdater:CreatePreview(Object, Object[], String, Int32, Int32)
UnityEditor.AssetPreviewUpdater:CreatePreviewForAsset(Object, Object[], String)

(Filename: Assets/Scripts/RotationController.cs Line: 7)

UnityException: Internal_CreateGameObject is not allowed to be called from a MonoBehaviour constructor (or instance field initializer), call it in Awake or Start instead. Called from MonoBehaviour 'RotationController'.
See "Script Serialization" page in the Unity Manual for further details.
  at (wrapper managed-to-native) UnityEngine.GameObject.Internal_CreateGameObject_Injected(UnityEngine.GameObject,UnityEngine.Bindings.ManagedSpanWrapper&)
  at UnityEngine.GameObject.Internal_CreateGameObject (UnityEngine.GameObject self, System.String name) [0x0002a] in <e509afeff7384f24a8f0ac30527ff01c>:0 
  at UnityEngine.GameObject..ctor () [0x00008] in <e509afeff7384f24a8f0ac30527ff01c>:0 
  at RotationController..ctor () [0x00000] in C:\Users\desoud\Desktop\BeatSaber\BeatSaber\Assets\Scripts\RotationController.cs:7 
UnityEditor.PrefabUtility:GetOriginalSourceOrVariantRoot_Injected(IntPtr)
UnityEditor.PrefabUtility:GetOriginalSourceOrVariantRoot(Object)
UnityEditor.GameObjectInspector:CalculatePrefabStatus()
UnityEditor.GameObjectInspector:OnEnable()
UnityEditor.Editor:CreateEditorWithContextInternal_Injected(Object[], IntPtr, Type)
UnityEditor.Editor:CreateEditorWithContextInternal(Object[], Object, Type)
UnityEditor.Editor:CreateEditorWithContext(Object[], Object, Type)
UnityEditor.Editor:CreateEditor(Object, Type)
UnityEditor.Editor:CreateEditor(Object)
UnityEditor.AssetPreviewUpdater:CreatePreview(Object, Object[], String, Int32, Int32)
UnityEditor.AssetPreviewUpdater:CreatePreviewForAsset(Object, Object[], String)

(Filename: Assets/Scripts/RotationController.cs Line: 7)

UnityException: Internal_CreateGameObject is not allowed to be called from a MonoBehaviour constructor (or instance field initializer), call it in Awake or Start instead. Called from MonoBehaviour 'RotationController'.
See "Script Serialization" page in the Unity Manual for further details.
  at (wrapper managed-to-native) UnityEngine.GameObject.Internal_CreateGameObject_Injected(UnityEngine.GameObject,UnityEngine.Bindings.ManagedSpanWrapper&)
  at UnityEngine.GameObject.Internal_CreateGameObject (UnityEngine.GameObject self, System.String name) [0x0002a] in <e509afeff7384f24a8f0ac30527ff01c>:0 
  at UnityEngine.GameObject..ctor () [0x00008] in <e509afeff7384f24a8f0ac30527ff01c>:0 
  at RotationController..ctor () [0x00000] in C:\Users\desoud\Desktop\BeatSaber\BeatSaber\Assets\Scripts\RotationController.cs:7 
UnityEditor.EditorUtility:Internal_InstantiateRemoveAllNonAnimationComponentsSingle_Injected(IntPtr, Vector3&, Quaternion&)
UnityEditor.EditorUtility:Internal_InstantiateRemoveAllNonAnimationComponentsSingle(Object, Vector3, Quaternion)
UnityEditor.EditorUtility:InstantiateRemoveAllNonAnimationComponents(Object, Vector3, Quaternion)
UnityEditor.EditorUtility:InstantiateForAnimatorPreview(Object)
UnityEditor.PreviewData:UpdateGameObject(Object)
UnityEditor.PreviewData:.ctor(Object, Boolean)
UnityEditor.GameObjectInspector:GetPreviewData(Boolean)
UnityEditor.GameObjectInspector:RenderStaticPreview(String, Object[], Int32, Int32)
UnityEditor.AssetPreviewUpdater:CreatePreview(Object, Object[], String, Int32, Int32)
UnityEditor.AssetPreviewUpdater:CreatePreviewForAsset(Object, Object[], String)

(Filename: Assets/Scripts/RotationController.cs Line: 7)

 -> (artifact id: '67b80ad3976b2cf988bd08957b167002') in 0.0087218 seconds
Number of updated asset objects reloaded before import = 0Number of asset objects unloaded after import = 38

========================================================================
Received Import Request.
  Time since last request: 0.000021 seconds.
  path: Assets/Cubes/Cube Variant 1 Variant 1.prefab
  artifactKey: Guid(4afadd276372cf04b827d8d25a57d081) Importer(815301076,1909f56bfc062723c751e8b465ee728b)
Start importing Assets/Cubes/Cube Variant 1 Variant 1.prefab using Guid(4afadd276372cf04b827d8d25a57d081) Importer(815301076,1909f56bfc062723c751e8b465ee728b) (PreviewImporter)UnityException: Internal_CreateGameObject is not allowed to be called from a MonoBehaviour constructor (or instance field initializer), call it in Awake or Start instead. Called from MonoBehaviour 'RotationController'.
See "Script Serialization" page in the Unity Manual for further details.
  at (wrapper managed-to-native) UnityEngine.GameObject.Internal_CreateGameObject_Injected(UnityEngine.GameObject,UnityEngine.Bindings.ManagedSpanWrapper&)
  at UnityEngine.GameObject.Internal_CreateGameObject (UnityEngine.GameObject self, System.String name) [0x0002a] in <e509afeff7384f24a8f0ac30527ff01c>:0 
  at UnityEngine.GameObject..ctor () [0x00008] in <e509afeff7384f24a8f0ac30527ff01c>:0 
  at RotationController..ctor () [0x00000] in C:\Users\desoud\Desktop\BeatSaber\BeatSaber\Assets\Scripts\RotationController.cs:7 

(Filename: Assets/Scripts/RotationController.cs Line: 7)

UnityException: Internal_CreateGameObject is not allowed to be called from a MonoBehaviour constructor (or instance field initializer), call it in Awake or Start instead. Called from MonoBehaviour 'RotationController'.
See "Script Serialization" page in the Unity Manual for further details.
  at (wrapper managed-to-native) UnityEngine.GameObject.Internal_CreateGameObject_Injected(UnityEngine.GameObject,UnityEngine.Bindings.ManagedSpanWrapper&)
  at UnityEngine.GameObject.Internal_CreateGameObject (UnityEngine.GameObject self, System.String name) [0x0002a] in <e509afeff7384f24a8f0ac30527ff01c>:0 
  at UnityEngine.GameObject..ctor () [0x00008] in <e509afeff7384f24a8f0ac30527ff01c>:0 
  at RotationController..ctor () [0x00000] in C:\Users\desoud\Desktop\BeatSaber\BeatSaber\Assets\Scripts\RotationController.cs:7 
UnityEditor.PrefabUtility:IsPartOfVariantPrefab_Injected(IntPtr)
UnityEditor.PrefabUtility:IsPartOfVariantPrefab(Object)
UnityEditor.GameObjectInspector:OnEnable()
UnityEditor.Editor:CreateEditorWithContextInternal_Injected(Object[], IntPtr, Type)
UnityEditor.Editor:CreateEditorWithContextInternal(Object[], Object, Type)
UnityEditor.Editor:CreateEditorWithContext(Object[], Object, Type)
UnityEditor.Editor:CreateEditor(Object, Type)
UnityEditor.Editor:CreateEditor(Object)
UnityEditor.AssetPreviewUpdater:CreatePreview(Object, Object[], String, Int32, Int32)
UnityEditor.AssetPreviewUpdater:CreatePreviewForAsset(Object, Object[], String)

(Filename: Assets/Scripts/RotationController.cs Line: 7)

UnityException: Internal_CreateGameObject is not allowed to be called from a MonoBehaviour constructor (or instance field initializer), call it in Awake or Start instead. Called from MonoBehaviour 'RotationController'.
See "Script Serialization" page in the Unity Manual for further details.
  at (wrapper managed-to-native) UnityEngine.GameObject.Internal_CreateGameObject_Injected(UnityEngine.GameObject,UnityEngine.Bindings.ManagedSpanWrapper&)
  at UnityEngine.GameObject.Internal_CreateGameObject (UnityEngine.GameObject self, System.String name) [0x0002a] in <e509afeff7384f24a8f0ac30527ff01c>:0 
  at UnityEngine.GameObject..ctor () [0x00008] in <e509afeff7384f24a8f0ac30527ff01c>:0 
  at RotationController..ctor () [0x00000] in C:\Users\desoud\Desktop\BeatSaber\BeatSaber\Assets\Scripts\RotationController.cs:7 
UnityEditor.PrefabUtility:GetOriginalSourceOrVariantRoot_Injected(IntPtr)
UnityEditor.PrefabUtility:GetOriginalSourceOrVariantRoot(Object)
UnityEditor.GameObjectInspector:CalculatePrefabStatus()
UnityEditor.GameObjectInspector:OnEnable()
UnityEditor.Editor:CreateEditorWithContextInternal_Injected(Object[], IntPtr, Type)
UnityEditor.Editor:CreateEditorWithContextInternal(Object[], Object, Type)
UnityEditor.Editor:CreateEditorWithContext(Object[], Object, Type)
UnityEditor.Editor:CreateEditor(Object, Type)
UnityEditor.Editor:CreateEditor(Object)
UnityEditor.AssetPreviewUpdater:CreatePreview(Object, Object[], String, Int32, Int32)
UnityEditor.AssetPreviewUpdater:CreatePreviewForAsset(Object, Object[], String)

(Filename: Assets/Scripts/RotationController.cs Line: 7)

UnityException: Internal_CreateGameObject is not allowed to be called from a MonoBehaviour constructor (or instance field initializer), call it in Awake or Start instead. Called from MonoBehaviour 'RotationController'.
See "Script Serialization" page in the Unity Manual for further details.
  at (wrapper managed-to-native) UnityEngine.GameObject.Internal_CreateGameObject_Injected(UnityEngine.GameObject,UnityEngine.Bindings.ManagedSpanWrapper&)
  at UnityEngine.GameObject.Internal_CreateGameObject (UnityEngine.GameObject self, System.String name) [0x0002a] in <e509afeff7384f24a8f0ac30527ff01c>:0 
  at UnityEngine.GameObject..ctor () [0x00008] in <e509afeff7384f24a8f0ac30527ff01c>:0 
  at RotationController..ctor () [0x00000] in C:\Users\desoud\Desktop\BeatSaber\BeatSaber\Assets\Scripts\RotationController.cs:7 
UnityEditor.EditorUtility:Internal_InstantiateRemoveAllNonAnimationComponentsSingle_Injected(IntPtr, Vector3&, Quaternion&)
UnityEditor.EditorUtility:Internal_InstantiateRemoveAllNonAnimationComponentsSingle(Object, Vector3, Quaternion)
UnityEditor.EditorUtility:InstantiateRemoveAllNonAnimationComponents(Object, Vector3, Quaternion)
UnityEditor.EditorUtility:InstantiateForAnimatorPreview(Object)
UnityEditor.PreviewData:UpdateGameObject(Object)
UnityEditor.PreviewData:.ctor(Object, Boolean)
UnityEditor.GameObjectInspector:GetPreviewData(Boolean)
UnityEditor.GameObjectInspector:RenderStaticPreview(String, Object[], Int32, Int32)
UnityEditor.AssetPreviewUpdater:CreatePreview(Object, Object[], String, Int32, Int32)
UnityEditor.AssetPreviewUpdater:CreatePreviewForAsset(Object, Object[], String)

(Filename: Assets/Scripts/RotationController.cs Line: 7)

 -> (artifact id: '1ba778037244f717b92134a2934aed0b') in 0.0106005 seconds
Number of updated asset objects reloaded before import = 0Number of asset objects unloaded after import = 37

========================================================================
Received Import Request.
  Time since last request: 3.473615 seconds.
  path: Assets/Cubes/Cube Variant Variant 1.prefab
  artifactKey: Guid(32f068b2f50ced44a9ba3f1ac46f6d0d) Importer(815301076,1909f56bfc062723c751e8b465ee728b)
Start importing Assets/Cubes/Cube Variant Variant 1.prefab using Guid(32f068b2f50ced44a9ba3f1ac46f6d0d) Importer(815301076,1909f56bfc062723c751e8b465ee728b) (PreviewImporter)UnityException: Internal_CreateGameObject is not allowed to be called from a MonoBehaviour constructor (or instance field initializer), call it in Awake or Start instead. Called from MonoBehaviour 'RotationController'.
See "Script Serialization" page in the Unity Manual for further details.
  at (wrapper managed-to-native) UnityEngine.GameObject.Internal_CreateGameObject_Injected(UnityEngine.GameObject,UnityEngine.Bindings.ManagedSpanWrapper&)
  at UnityEngine.GameObject.Internal_CreateGameObject (UnityEngine.GameObject self, System.String name) [0x0002a] in <e509afeff7384f24a8f0ac30527ff01c>:0 
  at UnityEngine.GameObject..ctor () [0x00008] in <e509afeff7384f24a8f0ac30527ff01c>:0 
  at RotationController..ctor () [0x00000] in C:\Users\desoud\Desktop\BeatSaber\BeatSaber\Assets\Scripts\RotationController.cs:7 

(Filename: Assets/Scripts/RotationController.cs Line: 7)

UnityException: Internal_CreateGameObject is not allowed to be called from a MonoBehaviour constructor (or instance field initializer), call it in Awake or Start instead. Called from MonoBehaviour 'RotationController'.
See "Script Serialization" page in the Unity Manual for further details.
  at (wrapper managed-to-native) UnityEngine.GameObject.Internal_CreateGameObject_Injected(UnityEngine.GameObject,UnityEngine.Bindings.ManagedSpanWrapper&)
  at UnityEngine.GameObject.Internal_CreateGameObject (UnityEngine.GameObject self, System.String name) [0x0002a] in <e509afeff7384f24a8f0ac30527ff01c>:0 
  at UnityEngine.GameObject..ctor () [0x00008] in <e509afeff7384f24a8f0ac30527ff01c>:0 
  at RotationController..ctor () [0x00000] in C:\Users\desoud\Desktop\BeatSaber\BeatSaber\Assets\Scripts\RotationController.cs:7 
UnityEditor.PrefabUtility:IsPartOfVariantPrefab_Injected(IntPtr)
UnityEditor.PrefabUtility:IsPartOfVariantPrefab(Object)
UnityEditor.GameObjectInspector:OnEnable()
UnityEditor.Editor:CreateEditorWithContextInternal_Injected(Object[], IntPtr, Type)
UnityEditor.Editor:CreateEditorWithContextInternal(Object[], Object, Type)
UnityEditor.Editor:CreateEditorWithContext(Object[], Object, Type)
UnityEditor.Editor:CreateEditor(Object, Type)
UnityEditor.Editor:CreateEditor(Object)
UnityEditor.AssetPreviewUpdater:CreatePreview(Object, Object[], String, Int32, Int32)
UnityEditor.AssetPreviewUpdater:CreatePreviewForAsset(Object, Object[], String)

(Filename: Assets/Scripts/RotationController.cs Line: 7)

UnityException: Internal_CreateGameObject is not allowed to be called from a MonoBehaviour constructor (or instance field initializer), call it in Awake or Start instead. Called from MonoBehaviour 'RotationController'.
See "Script Serialization" page in the Unity Manual for further details.
  at (wrapper managed-to-native) UnityEngine.GameObject.Internal_CreateGameObject_Injected(UnityEngine.GameObject,UnityEngine.Bindings.ManagedSpanWrapper&)
  at UnityEngine.GameObject.Internal_CreateGameObject (UnityEngine.GameObject self, System.String name) [0x0002a] in <e509afeff7384f24a8f0ac30527ff01c>:0 
  at UnityEngine.GameObject..ctor () [0x00008] in <e509afeff7384f24a8f0ac30527ff01c>:0 
  at RotationController..ctor () [0x00000] in C:\Users\desoud\Desktop\BeatSaber\BeatSaber\Assets\Scripts\RotationController.cs:7 
UnityEditor.PrefabUtility:GetOriginalSourceOrVariantRoot_Injected(IntPtr)
UnityEditor.PrefabUtility:GetOriginalSourceOrVariantRoot(Object)
UnityEditor.GameObjectInspector:CalculatePrefabStatus()
UnityEditor.GameObjectInspector:OnEnable()
UnityEditor.Editor:CreateEditorWithContextInternal_Injected(Object[], IntPtr, Type)
UnityEditor.Editor:CreateEditorWithContextInternal(Object[], Object, Type)
UnityEditor.Editor:CreateEditorWithContext(Object[], Object, Type)
UnityEditor.Editor:CreateEditor(Object, Type)
UnityEditor.Editor:CreateEditor(Object)
UnityEditor.AssetPreviewUpdater:CreatePreview(Object, Object[], String, Int32, Int32)
UnityEditor.AssetPreviewUpdater:CreatePreviewForAsset(Object, Object[], String)

(Filename: Assets/Scripts/RotationController.cs Line: 7)

UnityException: Internal_CreateGameObject is not allowed to be called from a MonoBehaviour constructor (or instance field initializer), call it in Awake or Start instead. Called from MonoBehaviour 'RotationController'.
See "Script Serialization" page in the Unity Manual for further details.
  at (wrapper managed-to-native) UnityEngine.GameObject.Internal_CreateGameObject_Injected(UnityEngine.GameObject,UnityEngine.Bindings.ManagedSpanWrapper&)
  at UnityEngine.GameObject.Internal_CreateGameObject (UnityEngine.GameObject self, System.String name) [0x0002a] in <e509afeff7384f24a8f0ac30527ff01c>:0 
  at UnityEngine.GameObject..ctor () [0x00008] in <e509afeff7384f24a8f0ac30527ff01c>:0 
  at RotationController..ctor () [0x00000] in C:\Users\desoud\Desktop\BeatSaber\BeatSaber\Assets\Scripts\RotationController.cs:7 
UnityEditor.EditorUtility:Internal_InstantiateRemoveAllNonAnimationComponentsSingle_Injected(IntPtr, Vector3&, Quaternion&)
UnityEditor.EditorUtility:Internal_InstantiateRemoveAllNonAnimationComponentsSingle(Object, Vector3, Quaternion)
UnityEditor.EditorUtility:InstantiateRemoveAllNonAnimationComponents(Object, Vector3, Quaternion)
UnityEditor.EditorUtility:InstantiateForAnimatorPreview(Object)
UnityEditor.PreviewData:UpdateGameObject(Object)
UnityEditor.PreviewData:.ctor(Object, Boolean)
UnityEditor.GameObjectInspector:GetPreviewData(Boolean)
UnityEditor.GameObjectInspector:RenderStaticPreview(String, Object[], Int32, Int32)
UnityEditor.AssetPreviewUpdater:CreatePreview(Object, Object[], String, Int32, Int32)
UnityEditor.AssetPreviewUpdater:CreatePreviewForAsset(Object, Object[], String)

(Filename: Assets/Scripts/RotationController.cs Line: 7)

 -> (artifact id: '8ac5bc8f82eb0f7210b279055b84e086') in 0.0154604 seconds
Number of updated asset objects reloaded before import = 0Number of asset objects unloaded after import = 38

========================================================================
Received Prepare
Begin MonoManager ReloadAssembly
- Loaded All Assemblies, in  0.540 seconds
Refreshing native plugins compatible for Editor in 0.64 ms, found 3 plugins.
Native extension for Android target not found
Native extension for WindowsStandalone target not found
Mono: successfully reloaded assembly
- Finished resetting the current domain, in  0.573 seconds
Domain Reload Profiling: 1114ms
	BeginReloadAssembly (169ms)
		ExecutionOrderSort (0ms)
		DisableScriptedObjects (4ms)
		BackupInstance (0ms)
		ReleaseScriptingObjects (0ms)
		CreateAndSetChildDomain (52ms)
	RebuildCommonClasses (32ms)
	RebuildNativeTypeToScriptingClass (11ms)
	initialDomainReloadingComplete (20ms)
	LoadAllAssembliesAndSetupDomain (307ms)
		LoadAssemblies (256ms)
		RebuildTransferFunctionScriptingTraits (0ms)
		AnalyzeDomain (130ms)
			TypeCache.Refresh (8ms)
				TypeCache.ScanAssembly (0ms)
			BuildScriptInfoCaches (111ms)
			ResolveRequiredComponents (7ms)
	FinalizeReload (573ms)
		ReleaseScriptCaches (0ms)
		RebuildScriptCaches (0ms)
		SetupLoadedEditorAssemblies (391ms)
			LogAssemblyErrors (0ms)
			InitializePlatformSupportModulesInManaged (15ms)
			SetLoadedEditorAssemblies (4ms)
			BeforeProcessingInitializeOnLoad (42ms)
			ProcessInitializeOnLoadAttributes (306ms)
			ProcessInitializeOnLoadMethodAttributes (20ms)
			AfterProcessingInitializeOnLoad (4ms)
			EditorAssembliesLoaded (0ms)
		ExecutionOrderSort2 (0ms)
		AwakeInstancesAfterBackupRestoration (9ms)
Refreshing native plugins compatible for Editor in 0.60 ms, found 3 plugins.
Preloading 0 native plugins for Editor in 0.00 ms.
Unloading 0 Unused Serialized files (Serialized files now loaded: 0)
Unloading 4248 unused Assets / (1.0 MB). Loaded Objects now: 4841.
Memory consumption went from 117.6 MB to 116.6 MB.
Total: 4.901000 ms (FindLiveObjects: 0.365700 ms CreateObjectMapping: 0.305900 ms MarkObjects: 3.359200 ms  DeleteObjects: 0.869400 ms)

Prepare: number of updated asset objects reloaded= 0
========================================================================
Received Prepare
Refreshing native plugins compatible for Editor in 0.62 ms, found 3 plugins.
Preloading 0 native plugins for Editor in 0.00 ms.
Unloading 0 Unused Serialized files (Serialized files now loaded: 0)
Unloading 4242 unused Assets / (1.2 MB). Loaded Objects now: 4841.
Memory consumption went from 117.8 MB to 116.6 MB.
Total: 6.765400 ms (FindLiveObjects: 0.370900 ms CreateObjectMapping: 0.319900 ms MarkObjects: 4.559900 ms  DeleteObjects: 1.513100 ms)

Prepare: number of updated asset objects reloaded= 0
========================================================================
Received Prepare
Begin MonoManager ReloadAssembly
- Loaded All Assemblies, in  0.653 seconds
Refreshing native plugins compatible for Editor in 0.59 ms, found 3 plugins.
Native extension for Android target not found
Native extension for WindowsStandalone target not found
Mono: successfully reloaded assembly
- Finished resetting the current domain, in  0.584 seconds
Domain Reload Profiling: 1238ms
	BeginReloadAssembly (203ms)
		ExecutionOrderSort (0ms)
		DisableScriptedObjects (4ms)
		BackupInstance (0ms)
		ReleaseScriptingObjects (0ms)
		CreateAndSetChildDomain (63ms)
	RebuildCommonClasses (31ms)
	RebuildNativeTypeToScriptingClass (11ms)
	initialDomainReloadingComplete (29ms)
	LoadAllAssembliesAndSetupDomain (379ms)
		LoadAssemblies (314ms)
		RebuildTransferFunctionScriptingTraits (0ms)
		AnalyzeDomain (162ms)
			TypeCache.Refresh (10ms)
				TypeCache.ScanAssembly (0ms)
			BuildScriptInfoCaches (142ms)
			ResolveRequiredComponents (5ms)
	FinalizeReload (584ms)
		ReleaseScriptCaches (0ms)
		RebuildScriptCaches (0ms)
		SetupLoadedEditorAssemblies (378ms)
			LogAssemblyErrors (0ms)
			InitializePlatformSupportModulesInManaged (21ms)
			SetLoadedEditorAssemblies (6ms)
			BeforeProcessingInitializeOnLoad (46ms)
			ProcessInitializeOnLoadAttributes (280ms)
			ProcessInitializeOnLoadMethodAttributes (22ms)
			AfterProcessingInitializeOnLoad (3ms)
			EditorAssembliesLoaded (0ms)
		ExecutionOrderSort2 (0ms)
		AwakeInstancesAfterBackupRestoration (7ms)
Refreshing native plugins compatible for Editor in 0.64 ms, found 3 plugins.
Preloading 0 native plugins for Editor in 0.00 ms.
Unloading 0 Unused Serialized files (Serialized files now loaded: 0)
Unloading 4248 unused Assets / (1.0 MB). Loaded Objects now: 4841.
Memory consumption went from 119.5 MB to 118.5 MB.
Total: 4.884100 ms (FindLiveObjects: 0.367800 ms CreateObjectMapping: 0.292200 ms MarkObjects: 3.326400 ms  DeleteObjects: 0.896900 ms)

Prepare: number of updated asset objects reloaded= 0
========================================================================
Received Prepare
Begin MonoManager ReloadAssembly
- Loaded All Assemblies, in  0.532 seconds
Refreshing native plugins compatible for Editor in 0.56 ms, found 3 plugins.
Native extension for Android target not found
Native extension for WindowsStandalone target not found
Mono: successfully reloaded assembly
- Finished resetting the current domain, in  0.582 seconds
Domain Reload Profiling: 1114ms
	BeginReloadAssembly (161ms)
		ExecutionOrderSort (0ms)
		DisableScriptedObjects (5ms)
		BackupInstance (0ms)
		ReleaseScriptingObjects (0ms)
		CreateAndSetChildDomain (37ms)
	RebuildCommonClasses (36ms)
	RebuildNativeTypeToScriptingClass (12ms)
	initialDomainReloadingComplete (20ms)
	LoadAllAssembliesAndSetupDomain (303ms)
		LoadAssemblies (256ms)
		RebuildTransferFunctionScriptingTraits (0ms)
		AnalyzeDomain (132ms)
			TypeCache.Refresh (8ms)
				TypeCache.ScanAssembly (0ms)
			BuildScriptInfoCaches (117ms)
			ResolveRequiredComponents (4ms)
	FinalizeReload (582ms)
		ReleaseScriptCaches (0ms)
		RebuildScriptCaches (0ms)
		SetupLoadedEditorAssemblies (398ms)
			LogAssemblyErrors (0ms)
			InitializePlatformSupportModulesInManaged (17ms)
			SetLoadedEditorAssemblies (4ms)
			BeforeProcessingInitializeOnLoad (45ms)
			ProcessInitializeOnLoadAttributes (309ms)
			ProcessInitializeOnLoadMethodAttributes (20ms)
			AfterProcessingInitializeOnLoad (3ms)
			EditorAssembliesLoaded (0ms)
		ExecutionOrderSort2 (0ms)
		AwakeInstancesAfterBackupRestoration (8ms)
Refreshing native plugins compatible for Editor in 0.60 ms, found 3 plugins.
Preloading 0 native plugins for Editor in 0.00 ms.
Unloading 0 Unused Serialized files (Serialized files now loaded: 0)
Unloading 4248 unused Assets / (1.2 MB). Loaded Objects now: 4841.
Memory consumption went from 121.5 MB to 120.3 MB.
Total: 6.459500 ms (FindLiveObjects: 0.458400 ms CreateObjectMapping: 0.385700 ms MarkObjects: 4.460200 ms  DeleteObjects: 1.154100 ms)

Prepare: number of updated asset objects reloaded= 0
========================================================================
Received Import Request.
  Time since last request: 72.969711 seconds.
  path: Assets/Cubes/Cube Variant.prefab
  artifactKey: Guid(9cf47dcdf995a924ba0376b25373d65c) Importer(815301076,1909f56bfc062723c751e8b465ee728b)
Start importing Assets/Cubes/Cube Variant.prefab using Guid(9cf47dcdf995a924ba0376b25373d65c) Importer(815301076,1909f56bfc062723c751e8b465ee728b) (PreviewImporter) -> (artifact id: 'c6028a71d3d5582ab47167db57ff5a03') in 0.0804394 seconds
Number of updated asset objects reloaded before import = 0Number of asset objects unloaded after import = 23

========================================================================
Received Import Request.
  Time since last request: 0.000019 seconds.
  path: Assets/Cubes/Cube Variant 1 Variant.prefab
  artifactKey: Guid(c46c9262277651649ae59d2a4da69e9a) Importer(815301076,1909f56bfc062723c751e8b465ee728b)
Start importing Assets/Cubes/Cube Variant 1 Variant.prefab using Guid(c46c9262277651649ae59d2a4da69e9a) Importer(815301076,1909f56bfc062723c751e8b465ee728b) (PreviewImporter) -> (artifact id: 'd114650e0defb50892afe40763b9374c') in 0.0178854 seconds
Number of updated asset objects reloaded before import = 0Number of asset objects unloaded after import = 38

========================================================================
Received Import Request.
  Time since last request: 0.000023 seconds.
  path: Assets/Cubes/Cube Variant 1 Variant 1.prefab
  artifactKey: Guid(4afadd276372cf04b827d8d25a57d081) Importer(815301076,1909f56bfc062723c751e8b465ee728b)
Start importing Assets/Cubes/Cube Variant 1 Variant 1.prefab using Guid(4afadd276372cf04b827d8d25a57d081) Importer(815301076,1909f56bfc062723c751e8b465ee728b) (PreviewImporter) -> (artifact id: '2dc76ea839099ad9ac17142b8b0eb28b') in 0.0086525 seconds
Number of updated asset objects reloaded before import = 0Number of asset objects unloaded after import = 37

========================================================================
Received Prepare
Begin MonoManager ReloadAssembly
- Loaded All Assemblies, in  0.543 seconds
Refreshing native plugins compatible for Editor in 0.53 ms, found 3 plugins.
Native extension for Android target not found
Native extension for WindowsStandalone target not found
Mono: successfully reloaded assembly
- Finished resetting the current domain, in  0.554 seconds
Domain Reload Profiling: 1097ms
	BeginReloadAssembly (165ms)
		ExecutionOrderSort (0ms)
		DisableScriptedObjects (4ms)
		BackupInstance (0ms)
		ReleaseScriptingObjects (0ms)
		CreateAndSetChildDomain (40ms)
	RebuildCommonClasses (30ms)
	RebuildNativeTypeToScriptingClass (12ms)
	initialDomainReloadingComplete (22ms)
	LoadAllAssembliesAndSetupDomain (314ms)
		LoadAssemblies (265ms)
		RebuildTransferFunctionScriptingTraits (0ms)
		AnalyzeDomain (131ms)
			TypeCache.Refresh (7ms)
				TypeCache.ScanAssembly (0ms)
			BuildScriptInfoCaches (117ms)
			ResolveRequiredComponents (4ms)
	FinalizeReload (554ms)
		ReleaseScriptCaches (0ms)
		RebuildScriptCaches (0ms)
		SetupLoadedEditorAssemblies (376ms)
			LogAssemblyErrors (0ms)
			InitializePlatformSupportModulesInManaged (14ms)
			SetLoadedEditorAssemblies (4ms)
			BeforeProcessingInitializeOnLoad (44ms)
			ProcessInitializeOnLoadAttributes (283ms)
			ProcessInitializeOnLoadMethodAttributes (26ms)
			AfterProcessingInitializeOnLoad (5ms)
			EditorAssembliesLoaded (0ms)
		ExecutionOrderSort2 (0ms)
		AwakeInstancesAfterBackupRestoration (8ms)
Refreshing native plugins compatible for Editor in 0.72 ms, found 3 plugins.
Preloading 0 native plugins for Editor in 0.00 ms.
Unloading 0 Unused Serialized files (Serialized files now loaded: 0)
Unloading 4248 unused Assets / (1.1 MB). Loaded Objects now: 4841.
Memory consumption went from 123.4 MB to 122.3 MB.
Total: 6.684800 ms (FindLiveObjects: 0.406900 ms CreateObjectMapping: 0.415400 ms MarkObjects: 4.481000 ms  DeleteObjects: 1.380300 ms)

Prepare: number of updated asset objects reloaded= 0
Editor requested this worker to shutdown with reason: Scaling down because of idle timeout
AssetImportWorker is now disconnected from the server
Process exiting
Exiting without the bug reporter. Application will terminate with return code 0