Using pre-set license
Built from '2023.2/staging' branch; Version is '2023.2.20f1 (0e25a174756c) revision 927137'; Using compiler version '193431935'; Build Type 'Release'
OS: 'Windows 11  (10.0.22631) 64bit ProfessionalEducation' Language: 'en' Physical Memory: 32621 MB
BatchMode: 1, IsHumanControllingUs: 0, StartBugReporterOnCrash: 0, Is64bit: 1, IsPro: 1

COMMAND LINE ARGUMENTS:
C:\Program Files\Unity\Hub\Editor\2023.2.20f1\Editor\Unity.exe
-adb2
-batchMode
-noUpm
-name
AssetImportWorker6
-projectPath
C:/Users/desoud/Desktop/BeatSaber/BeatSaber
-logFile
Logs/AssetImportWorker6.log
-srvPort
14926
-job-worker-count
7
-background-job-worker-count
8
-asset-garbage-collectors
1
Successfully changed project path to: C:/Users/desoud/Desktop/BeatSaber/BeatSaber
C:/Users/desoud/Desktop/BeatSaber/BeatSaber
[UnityMemory] Configuration Parameters - Can be set up in boot.config
    "memorysetup-bucket-allocator-granularity=16"
    "memorysetup-bucket-allocator-bucket-count=8"
    "memorysetup-bucket-allocator-block-size=33554432"
    "memorysetup-bucket-allocator-block-count=8"
    "memorysetup-main-allocator-block-size=16777216"
    "memorysetup-thread-allocator-block-size=16777216"
    "memorysetup-gfx-main-allocator-block-size=16777216"
    "memorysetup-gfx-thread-allocator-block-size=16777216"
    "memorysetup-cache-allocator-block-size=4194304"
    "memorysetup-typetree-allocator-block-size=2097152"
    "memorysetup-profiler-bucket-allocator-granularity=16"
    "memorysetup-profiler-bucket-allocator-bucket-count=8"
    "memorysetup-profiler-bucket-allocator-block-size=33554432"
    "memorysetup-profiler-bucket-allocator-block-count=8"
    "memorysetup-profiler-allocator-block-size=16777216"
    "memorysetup-profiler-editor-allocator-block-size=1048576"
    "memorysetup-temp-allocator-size-main=16777216"
    "memorysetup-job-temp-allocator-block-size=2097152"
    "memorysetup-job-temp-allocator-block-size-background=1048576"
    "memorysetup-job-temp-allocator-reduction-small-platforms=262144"
    "memorysetup-allocator-temp-initial-block-size-main=262144"
    "memorysetup-allocator-temp-initial-block-size-worker=262144"
    "memorysetup-temp-allocator-size-background-worker=32768"
    "memorysetup-temp-allocator-size-job-worker=262144"
    "memorysetup-temp-allocator-size-preload-manager=33554432"
    "memorysetup-temp-allocator-size-nav-mesh-worker=65536"
    "memorysetup-temp-allocator-size-audio-worker=65536"
    "memorysetup-temp-allocator-size-cloud-worker=32768"
    "memorysetup-temp-allocator-size-gi-baking-worker=262144"
    "memorysetup-temp-allocator-size-gi-baking-worker=262144"
    "memorysetup-temp-allocator-size-gi-baking-worker=262144"
    "memorysetup-temp-allocator-size-gi-baking-worker=262144"
    "memorysetup-temp-allocator-size-gfx=262144"
Player connection [3468] Host "[IP] 172.20.23.212 [Port] 0 [Flags] 2 [Guid] 2566409559 [EditorId] 2566409559 [Version] 1048832 [Id] WindowsEditor(7,A103-12) [Debug] 1 [PackageName] WindowsEditor [ProjectName] Editor" joined multi-casting on [225.0.0.222:54997]...
Player connection [3468] Host "[IP] 172.20.23.212 [Port] 0 [Flags] 2 [Guid] 2566409559 [EditorId] 2566409559 [Version] 1048832 [Id] WindowsEditor(7,A103-12) [Debug] 1 [PackageName] WindowsEditor [ProjectName] Editor" joined alternative multi-casting on [225.0.0.222:34997]...
JobSystem: Creating JobQueue using job-worker-count value 7
[Physics::Module] Initialized MultithreadedJobDispatcher with 7 workers.
Library Redirect Path: Library/
Refreshing native plugins compatible for Editor in 48.93 ms, found 3 plugins.
Preloading 0 native plugins for Editor in 0.00 ms.
Initialize engine version: 2023.2.20f1 (0e25a174756c)
[Subsystems] Discovering subsystems at path C:/Program Files/Unity/Hub/Editor/2023.2.20f1/Editor/Data/Resources/UnitySubsystems
[Subsystems] Discovering subsystems at path C:/Users/desoud/Desktop/BeatSaber/BeatSaber/Assets
GfxDevice: creating device client; kGfxThreadingModeNonThreaded
Direct3D:
    Version:  Direct3D 11.0 [level 11.1]
    Renderer: NVIDIA GeForce RTX 3060 (ID=0x2504)
    Vendor:   NVIDIA
    VRAM:     12143 MB
    Driver:   30.0.14.7212
Initialize mono
Mono path[0] = 'C:/Program Files/Unity/Hub/Editor/2023.2.20f1/Editor/Data/Managed'
Mono path[1] = 'C:/Program Files/Unity/Hub/Editor/2023.2.20f1/Editor/Data/MonoBleedingEdge/lib/mono/unityjit-win32'
Mono config path = 'C:/Program Files/Unity/Hub/Editor/2023.2.20f1/Editor/Data/MonoBleedingEdge/etc'
Using monoOptions --debugger-agent=transport=dt_socket,embedding=1,server=y,suspend=n,address=127.0.0.1:56528
Begin MonoManager ReloadAssembly
Registering precompiled unity dll's ...
Register platform support module: C:/Program Files/Unity/Hub/Editor/2023.2.20f1/Editor/Data/PlaybackEngines/WindowsStandaloneSupport/UnityEditor.WindowsStandalone.Extensions.dll
Register platform support module: C:/Program Files/Unity/Hub/Editor/2023.2.20f1/Editor/Data/PlaybackEngines/AndroidPlayer/UnityEditor.Android.Extensions.dll
Registered in 0.003420 seconds.
- Loaded All Assemblies, in  0.522 seconds
Native extension for Android target not found
Android Extension - Scanning For ADB Devices 162 ms
Native extension for WindowsStandalone target not found
Mono: successfully reloaded assembly
- Finished resetting the current domain, in  0.448 seconds
Domain Reload Profiling: 969ms
	BeginReloadAssembly (99ms)
		ExecutionOrderSort (0ms)
		DisableScriptedObjects (0ms)
		BackupInstance (0ms)
		ReleaseScriptingObjects (0ms)
		CreateAndSetChildDomain (1ms)
	RebuildCommonClasses (125ms)
	RebuildNativeTypeToScriptingClass (10ms)
	initialDomainReloadingComplete (39ms)
	LoadAllAssembliesAndSetupDomain (248ms)
		LoadAssemblies (97ms)
		RebuildTransferFunctionScriptingTraits (0ms)
		AnalyzeDomain (246ms)
			TypeCache.Refresh (244ms)
				TypeCache.ScanAssembly (234ms)
			BuildScriptInfoCaches (0ms)
			ResolveRequiredComponents (0ms)
	FinalizeReload (449ms)
		ReleaseScriptCaches (0ms)
		RebuildScriptCaches (0ms)
		SetupLoadedEditorAssemblies (406ms)
			LogAssemblyErrors (0ms)
			InitializePlatformSupportModulesInManaged (245ms)
			SetLoadedEditorAssemblies (3ms)
			BeforeProcessingInitializeOnLoad (4ms)
			ProcessInitializeOnLoadAttributes (112ms)
			ProcessInitializeOnLoadMethodAttributes (42ms)
			AfterProcessingInitializeOnLoad (0ms)
			EditorAssembliesLoaded (0ms)
		ExecutionOrderSort2 (0ms)
		AwakeInstancesAfterBackupRestoration (0ms)
========================================================================
Worker process is ready to serve import requests
Import Worker Mode flag is 0x00
Begin MonoManager ReloadAssembly
- Loaded All Assemblies, in  1.619 seconds
Refreshing native plugins compatible for Editor in 0.57 ms, found 3 plugins.
Native extension for Android target not found
Native extension for WindowsStandalone target not found
Mono: successfully reloaded assembly
- Finished resetting the current domain, in  0.485 seconds
Domain Reload Profiling: 2102ms
	BeginReloadAssembly (1242ms)
		ExecutionOrderSort (0ms)
		DisableScriptedObjects (4ms)
		BackupInstance (0ms)
		ReleaseScriptingObjects (0ms)
		CreateAndSetChildDomain (26ms)
	RebuildCommonClasses (27ms)
	RebuildNativeTypeToScriptingClass (10ms)
	initialDomainReloadingComplete (28ms)
	LoadAllAssembliesAndSetupDomain (309ms)
		LoadAssemblies (232ms)
		RebuildTransferFunctionScriptingTraits (0ms)
		AnalyzeDomain (153ms)
			TypeCache.Refresh (127ms)
				TypeCache.ScanAssembly (115ms)
			BuildScriptInfoCaches (19ms)
			ResolveRequiredComponents (4ms)
	FinalizeReload (485ms)
		ReleaseScriptCaches (0ms)
		RebuildScriptCaches (0ms)
		SetupLoadedEditorAssemblies (340ms)
			LogAssemblyErrors (0ms)
			InitializePlatformSupportModulesInManaged (13ms)
			SetLoadedEditorAssemblies (4ms)
			BeforeProcessingInitializeOnLoad (35ms)
			ProcessInitializeOnLoadAttributes (266ms)
			ProcessInitializeOnLoadMethodAttributes (18ms)
			AfterProcessingInitializeOnLoad (4ms)
			EditorAssembliesLoaded (0ms)
		ExecutionOrderSort2 (0ms)
		AwakeInstancesAfterBackupRestoration (6ms)
Launched and connected shader compiler UnityShaderCompiler.exe after 0.01 seconds
Refreshing native plugins compatible for Editor in 0.71 ms, found 3 plugins.
Preloading 0 native plugins for Editor in 0.00 ms.
Unloading 10 Unused Serialized files (Serialized files now loaded: 0)
Unloading 4250 unused Assets / (1.3 MB). Loaded Objects now: 4830.
Memory consumption went from 109.4 MB to 108.1 MB.
Total: 5.657700 ms (FindLiveObjects: 0.446700 ms CreateObjectMapping: 0.346500 ms MarkObjects: 3.658200 ms  DeleteObjects: 1.205400 ms)

========================================================================
Received Prepare
Begin MonoManager ReloadAssembly
- Loaded All Assemblies, in  0.545 seconds
Refreshing native plugins compatible for Editor in 0.65 ms, found 3 plugins.
Native extension for Android target not found
Native extension for WindowsStandalone target not found
Mono: successfully reloaded assembly
- Finished resetting the current domain, in  0.607 seconds
Domain Reload Profiling: 1153ms
	BeginReloadAssembly (164ms)
		ExecutionOrderSort (0ms)
		DisableScriptedObjects (4ms)
		BackupInstance (0ms)
		ReleaseScriptingObjects (0ms)
		CreateAndSetChildDomain (43ms)
	RebuildCommonClasses (29ms)
	RebuildNativeTypeToScriptingClass (14ms)
	initialDomainReloadingComplete (20ms)
	LoadAllAssembliesAndSetupDomain (318ms)
		LoadAssemblies (261ms)
		RebuildTransferFunctionScriptingTraits (0ms)
		AnalyzeDomain (141ms)
			TypeCache.Refresh (9ms)
				TypeCache.ScanAssembly (0ms)
			BuildScriptInfoCaches (124ms)
			ResolveRequiredComponents (5ms)
	FinalizeReload (608ms)
		ReleaseScriptCaches (0ms)
		RebuildScriptCaches (0ms)
		SetupLoadedEditorAssemblies (419ms)
			LogAssemblyErrors (0ms)
			InitializePlatformSupportModulesInManaged (17ms)
			SetLoadedEditorAssemblies (4ms)
			BeforeProcessingInitializeOnLoad (42ms)
			ProcessInitializeOnLoadAttributes (326ms)
			ProcessInitializeOnLoadMethodAttributes (25ms)
			AfterProcessingInitializeOnLoad (4ms)
			EditorAssembliesLoaded (0ms)
		ExecutionOrderSort2 (0ms)
		AwakeInstancesAfterBackupRestoration (10ms)
Refreshing native plugins compatible for Editor in 0.62 ms, found 3 plugins.
Preloading 0 native plugins for Editor in 0.00 ms.
Unloading 0 Unused Serialized files (Serialized files now loaded: 0)
Unloading 4248 unused Assets / (1.1 MB). Loaded Objects now: 4830.
Memory consumption went from 109.1 MB to 107.9 MB.
Total: 7.080200 ms (FindLiveObjects: 0.502500 ms CreateObjectMapping: 0.800800 ms MarkObjects: 4.486300 ms  DeleteObjects: 1.289500 ms)

Prepare: number of updated asset objects reloaded= 0
========================================================================
Received Prepare
Begin MonoManager ReloadAssembly
- Loaded All Assemblies, in  0.470 seconds
Refreshing native plugins compatible for Editor in 0.59 ms, found 3 plugins.
Native extension for Android target not found
Native extension for WindowsStandalone target not found
Mono: successfully reloaded assembly
- Finished resetting the current domain, in  0.472 seconds
Domain Reload Profiling: 941ms
	BeginReloadAssembly (142ms)
		ExecutionOrderSort (0ms)
		DisableScriptedObjects (4ms)
		BackupInstance (0ms)
		ReleaseScriptingObjects (0ms)
		CreateAndSetChildDomain (33ms)
	RebuildCommonClasses (27ms)
	RebuildNativeTypeToScriptingClass (10ms)
	initialDomainReloadingComplete (19ms)
	LoadAllAssembliesAndSetupDomain (271ms)
		LoadAssemblies (230ms)
		RebuildTransferFunctionScriptingTraits (0ms)
		AnalyzeDomain (115ms)
			TypeCache.Refresh (5ms)
				TypeCache.ScanAssembly (0ms)
			BuildScriptInfoCaches (102ms)
			ResolveRequiredComponents (4ms)
	FinalizeReload (472ms)
		ReleaseScriptCaches (0ms)
		RebuildScriptCaches (0ms)
		SetupLoadedEditorAssemblies (310ms)
			LogAssemblyErrors (0ms)
			InitializePlatformSupportModulesInManaged (15ms)
			SetLoadedEditorAssemblies (4ms)
			BeforeProcessingInitializeOnLoad (33ms)
			ProcessInitializeOnLoadAttributes (236ms)
			ProcessInitializeOnLoadMethodAttributes (19ms)
			AfterProcessingInitializeOnLoad (4ms)
			EditorAssembliesLoaded (0ms)
		ExecutionOrderSort2 (0ms)
		AwakeInstancesAfterBackupRestoration (8ms)
Refreshing native plugins compatible for Editor in 0.66 ms, found 3 plugins.
Preloading 0 native plugins for Editor in 0.00 ms.
Unloading 0 Unused Serialized files (Serialized files now loaded: 0)
Unloading 4248 unused Assets / (1.6 MB). Loaded Objects now: 4830.
Memory consumption went from 111.0 MB to 109.4 MB.
Total: 6.810900 ms (FindLiveObjects: 0.378800 ms CreateObjectMapping: 0.320200 ms MarkObjects: 4.637700 ms  DeleteObjects: 1.473100 ms)

Prepare: number of updated asset objects reloaded= 0
========================================================================
Received Prepare
Begin MonoManager ReloadAssembly
- Loaded All Assemblies, in  0.469 seconds
Refreshing native plugins compatible for Editor in 0.59 ms, found 3 plugins.
Native extension for Android target not found
Native extension for WindowsStandalone target not found
Mono: successfully reloaded assembly
- Finished resetting the current domain, in  0.467 seconds
Domain Reload Profiling: 936ms
	BeginReloadAssembly (147ms)
		ExecutionOrderSort (0ms)
		DisableScriptedObjects (4ms)
		BackupInstance (0ms)
		ReleaseScriptingObjects (0ms)
		CreateAndSetChildDomain (39ms)
	RebuildCommonClasses (27ms)
	RebuildNativeTypeToScriptingClass (10ms)
	initialDomainReloadingComplete (19ms)
	LoadAllAssembliesAndSetupDomain (266ms)
		LoadAssemblies (220ms)
		RebuildTransferFunctionScriptingTraits (0ms)
		AnalyzeDomain (119ms)
			TypeCache.Refresh (5ms)
				TypeCache.ScanAssembly (0ms)
			BuildScriptInfoCaches (106ms)
			ResolveRequiredComponents (4ms)
	FinalizeReload (468ms)
		ReleaseScriptCaches (0ms)
		RebuildScriptCaches (0ms)
		SetupLoadedEditorAssemblies (309ms)
			LogAssemblyErrors (0ms)
			InitializePlatformSupportModulesInManaged (14ms)
			SetLoadedEditorAssemblies (4ms)
			BeforeProcessingInitializeOnLoad (36ms)
			ProcessInitializeOnLoadAttributes (232ms)
			ProcessInitializeOnLoadMethodAttributes (16ms)
			AfterProcessingInitializeOnLoad (5ms)
			EditorAssembliesLoaded (0ms)
		ExecutionOrderSort2 (0ms)
		AwakeInstancesAfterBackupRestoration (7ms)
Refreshing native plugins compatible for Editor in 0.59 ms, found 3 plugins.
Preloading 0 native plugins for Editor in 0.00 ms.
Unloading 0 Unused Serialized files (Serialized files now loaded: 0)
Unloading 4248 unused Assets / (1.1 MB). Loaded Objects now: 4830.
Memory consumption went from 112.9 MB to 111.8 MB.
Total: 5.649100 ms (FindLiveObjects: 0.450700 ms CreateObjectMapping: 0.359400 ms MarkObjects: 3.781700 ms  DeleteObjects: 1.056300 ms)

Prepare: number of updated asset objects reloaded= 0
========================================================================
Received Prepare
Refreshing native plugins compatible for Editor in 0.61 ms, found 3 plugins.
Preloading 0 native plugins for Editor in 0.00 ms.
Unloading 0 Unused Serialized files (Serialized files now loaded: 0)
Unloading 4242 unused Assets / (1.0 MB). Loaded Objects now: 4830.
Memory consumption went from 113.1 MB to 112.1 MB.
Total: 6.491700 ms (FindLiveObjects: 0.461600 ms CreateObjectMapping: 0.403000 ms MarkObjects: 4.584100 ms  DeleteObjects: 1.041700 ms)

Prepare: number of updated asset objects reloaded= 0
========================================================================
Received Prepare
Begin MonoManager ReloadAssembly
- Loaded All Assemblies, in  0.530 seconds
Refreshing native plugins compatible for Editor in 0.86 ms, found 3 plugins.
Native extension for Android target not found
Native extension for WindowsStandalone target not found
Mono: successfully reloaded assembly
- Finished resetting the current domain, in  0.509 seconds
Domain Reload Profiling: 1040ms
	BeginReloadAssembly (159ms)
		ExecutionOrderSort (0ms)
		DisableScriptedObjects (5ms)
		BackupInstance (0ms)
		ReleaseScriptingObjects (0ms)
		CreateAndSetChildDomain (34ms)
	RebuildCommonClasses (29ms)
	RebuildNativeTypeToScriptingClass (11ms)
	initialDomainReloadingComplete (21ms)
	LoadAllAssembliesAndSetupDomain (312ms)
		LoadAssemblies (255ms)
		RebuildTransferFunctionScriptingTraits (0ms)
		AnalyzeDomain (142ms)
			TypeCache.Refresh (8ms)
				TypeCache.ScanAssembly (0ms)
			BuildScriptInfoCaches (123ms)
			ResolveRequiredComponents (7ms)
	FinalizeReload (509ms)
		ReleaseScriptCaches (0ms)
		RebuildScriptCaches (0ms)
		SetupLoadedEditorAssemblies (334ms)
			LogAssemblyErrors (0ms)
			InitializePlatformSupportModulesInManaged (15ms)
			SetLoadedEditorAssemblies (4ms)
			BeforeProcessingInitializeOnLoad (37ms)
			ProcessInitializeOnLoadAttributes (254ms)
			ProcessInitializeOnLoadMethodAttributes (20ms)
			AfterProcessingInitializeOnLoad (4ms)
			EditorAssembliesLoaded (0ms)
		ExecutionOrderSort2 (0ms)
		AwakeInstancesAfterBackupRestoration (7ms)
Refreshing native plugins compatible for Editor in 0.62 ms, found 3 plugins.
Preloading 0 native plugins for Editor in 0.00 ms.
Unloading 0 Unused Serialized files (Serialized files now loaded: 0)
Unloading 4248 unused Assets / (1.2 MB). Loaded Objects now: 4830.
Memory consumption went from 114.9 MB to 113.7 MB.
Total: 5.519200 ms (FindLiveObjects: 0.397700 ms CreateObjectMapping: 0.470900 ms MarkObjects: 3.592900 ms  DeleteObjects: 1.056700 ms)

Prepare: number of updated asset objects reloaded= 0
========================================================================
Received Import Request.
  Time since last request: 609229.514042 seconds.
  path: Assets/Cubes/Cube.prefab
  artifactKey: Guid(95bb13446e91b2a41a46c28c9b6a0da6) Importer(815301076,1909f56bfc062723c751e8b465ee728b)
Start importing Assets/Cubes/Cube.prefab using Guid(95bb13446e91b2a41a46c28c9b6a0da6) Importer(815301076,1909f56bfc062723c751e8b465ee728b) (PreviewImporter)UnityException: Internal_CreateGameObject is not allowed to be called from a MonoBehaviour constructor (or instance field initializer), call it in Awake or Start instead. Called from MonoBehaviour 'RotationController'.
See "Script Serialization" page in the Unity Manual for further details.
  at (wrapper managed-to-native) UnityEngine.GameObject.Internal_CreateGameObject_Injected(UnityEngine.GameObject,UnityEngine.Bindings.ManagedSpanWrapper&)
  at UnityEngine.GameObject.Internal_CreateGameObject (UnityEngine.GameObject self, System.String name) [0x0002a] in <e509afeff7384f24a8f0ac30527ff01c>:0 
  at UnityEngine.GameObject..ctor () [0x00008] in <e509afeff7384f24a8f0ac30527ff01c>:0 
  at RotationController..ctor () [0x00000] in C:\Users\desoud\Desktop\BeatSaber\BeatSaber\Assets\Scripts\RotationController.cs:7 

(Filename: Assets/Scripts/RotationController.cs Line: 7)

UnityException: Internal_CreateGameObject is not allowed to be called from a MonoBehaviour constructor (or instance field initializer), call it in Awake or Start instead. Called from MonoBehaviour 'RotationController'.
See "Script Serialization" page in the Unity Manual for further details.
  at (wrapper managed-to-native) UnityEngine.GameObject.Internal_CreateGameObject_Injected(UnityEngine.GameObject,UnityEngine.Bindings.ManagedSpanWrapper&)
  at UnityEngine.GameObject.Internal_CreateGameObject (UnityEngine.GameObject self, System.String name) [0x0002a] in <e509afeff7384f24a8f0ac30527ff01c>:0 
  at UnityEngine.GameObject..ctor () [0x00008] in <e509afeff7384f24a8f0ac30527ff01c>:0 
  at RotationController..ctor () [0x00000] in C:\Users\desoud\Desktop\BeatSaber\BeatSaber\Assets\Scripts\RotationController.cs:7 
UnityEditor.EditorUtility:Internal_InstantiateRemoveAllNonAnimationComponentsSingle_Injected(IntPtr, Vector3&, Quaternion&)
UnityEditor.EditorUtility:Internal_InstantiateRemoveAllNonAnimationComponentsSingle(Object, Vector3, Quaternion)
UnityEditor.EditorUtility:InstantiateRemoveAllNonAnimationComponents(Object, Vector3, Quaternion)
UnityEditor.EditorUtility:InstantiateForAnimatorPreview(Object)
UnityEditor.PreviewData:UpdateGameObject(Object)
UnityEditor.PreviewData:.ctor(Object, Boolean)
UnityEditor.GameObjectInspector:GetPreviewData(Boolean)
UnityEditor.GameObjectInspector:RenderStaticPreview(String, Object[], Int32, Int32)
UnityEditor.AssetPreviewUpdater:CreatePreview(Object, Object[], String, Int32, Int32)
UnityEditor.AssetPreviewUpdater:CreatePreviewForAsset(Object, Object[], String)

(Filename: Assets/Scripts/RotationController.cs Line: 7)

 -> (artifact id: 'c870c8e89ab9a638acb25089d88b8eca') in 0.1250155 seconds
Number of updated asset objects reloaded before import = 0Number of asset objects unloaded after import = 8

========================================================================
Received Import Request.
  Time since last request: 0.000027 seconds.
  path: Assets/Cubes/Cube Variant 1 Variant.prefab
  artifactKey: Guid(c46c9262277651649ae59d2a4da69e9a) Importer(815301076,1909f56bfc062723c751e8b465ee728b)
Start importing Assets/Cubes/Cube Variant 1 Variant.prefab using Guid(c46c9262277651649ae59d2a4da69e9a) Importer(815301076,1909f56bfc062723c751e8b465ee728b) (PreviewImporter)UnityException: Internal_CreateGameObject is not allowed to be called from a MonoBehaviour constructor (or instance field initializer), call it in Awake or Start instead. Called from MonoBehaviour 'RotationController'.
See "Script Serialization" page in the Unity Manual for further details.
  at (wrapper managed-to-native) UnityEngine.GameObject.Internal_CreateGameObject_Injected(UnityEngine.GameObject,UnityEngine.Bindings.ManagedSpanWrapper&)
  at UnityEngine.GameObject.Internal_CreateGameObject (UnityEngine.GameObject self, System.String name) [0x0002a] in <e509afeff7384f24a8f0ac30527ff01c>:0 
  at UnityEngine.GameObject..ctor () [0x00008] in <e509afeff7384f24a8f0ac30527ff01c>:0 
  at RotationController..ctor () [0x00000] in C:\Users\desoud\Desktop\BeatSaber\BeatSaber\Assets\Scripts\RotationController.cs:7 

(Filename: Assets/Scripts/RotationController.cs Line: 7)

UnityException: Internal_CreateGameObject is not allowed to be called from a MonoBehaviour constructor (or instance field initializer), call it in Awake or Start instead. Called from MonoBehaviour 'RotationController'.
See "Script Serialization" page in the Unity Manual for further details.
  at (wrapper managed-to-native) UnityEngine.GameObject.Internal_CreateGameObject_Injected(UnityEngine.GameObject,UnityEngine.Bindings.ManagedSpanWrapper&)
  at UnityEngine.GameObject.Internal_CreateGameObject (UnityEngine.GameObject self, System.String name) [0x0002a] in <e509afeff7384f24a8f0ac30527ff01c>:0 
  at UnityEngine.GameObject..ctor () [0x00008] in <e509afeff7384f24a8f0ac30527ff01c>:0 
  at RotationController..ctor () [0x00000] in C:\Users\desoud\Desktop\BeatSaber\BeatSaber\Assets\Scripts\RotationController.cs:7 
UnityEditor.PrefabUtility:IsPartOfVariantPrefab_Injected(IntPtr)
UnityEditor.PrefabUtility:IsPartOfVariantPrefab(Object)
UnityEditor.GameObjectInspector:OnEnable()
UnityEditor.Editor:CreateEditorWithContextInternal_Injected(Object[], IntPtr, Type)
UnityEditor.Editor:CreateEditorWithContextInternal(Object[], Object, Type)
UnityEditor.Editor:CreateEditorWithContext(Object[], Object, Type)
UnityEditor.Editor:CreateEditor(Object, Type)
UnityEditor.Editor:CreateEditor(Object)
UnityEditor.AssetPreviewUpdater:CreatePreview(Object, Object[], String, Int32, Int32)
UnityEditor.AssetPreviewUpdater:CreatePreviewForAsset(Object, Object[], String)

(Filename: Assets/Scripts/RotationController.cs Line: 7)

UnityException: Internal_CreateGameObject is not allowed to be called from a MonoBehaviour constructor (or instance field initializer), call it in Awake or Start instead. Called from MonoBehaviour 'RotationController'.
See "Script Serialization" page in the Unity Manual for further details.
  at (wrapper managed-to-native) UnityEngine.GameObject.Internal_CreateGameObject_Injected(UnityEngine.GameObject,UnityEngine.Bindings.ManagedSpanWrapper&)
  at UnityEngine.GameObject.Internal_CreateGameObject (UnityEngine.GameObject self, System.String name) [0x0002a] in <e509afeff7384f24a8f0ac30527ff01c>:0 
  at UnityEngine.GameObject..ctor () [0x00008] in <e509afeff7384f24a8f0ac30527ff01c>:0 
  at RotationController..ctor () [0x00000] in C:\Users\desoud\Desktop\BeatSaber\BeatSaber\Assets\Scripts\RotationController.cs:7 
UnityEditor.PrefabUtility:GetOriginalSourceOrVariantRoot_Injected(IntPtr)
UnityEditor.PrefabUtility:GetOriginalSourceOrVariantRoot(Object)
UnityEditor.GameObjectInspector:CalculatePrefabStatus()
UnityEditor.GameObjectInspector:OnEnable()
UnityEditor.Editor:CreateEditorWithContextInternal_Injected(Object[], IntPtr, Type)
UnityEditor.Editor:CreateEditorWithContextInternal(Object[], Object, Type)
UnityEditor.Editor:CreateEditorWithContext(Object[], Object, Type)
UnityEditor.Editor:CreateEditor(Object, Type)
UnityEditor.Editor:CreateEditor(Object)
UnityEditor.AssetPreviewUpdater:CreatePreview(Object, Object[], String, Int32, Int32)
UnityEditor.AssetPreviewUpdater:CreatePreviewForAsset(Object, Object[], String)

(Filename: Assets/Scripts/RotationController.cs Line: 7)

UnityException: Internal_CreateGameObject is not allowed to be called from a MonoBehaviour constructor (or instance field initializer), call it in Awake or Start instead. Called from MonoBehaviour 'RotationController'.
See "Script Serialization" page in the Unity Manual for further details.
  at (wrapper managed-to-native) UnityEngine.GameObject.Internal_CreateGameObject_Injected(UnityEngine.GameObject,UnityEngine.Bindings.ManagedSpanWrapper&)
  at UnityEngine.GameObject.Internal_CreateGameObject (UnityEngine.GameObject self, System.String name) [0x0002a] in <e509afeff7384f24a8f0ac30527ff01c>:0 
  at UnityEngine.GameObject..ctor () [0x00008] in <e509afeff7384f24a8f0ac30527ff01c>:0 
  at RotationController..ctor () [0x00000] in C:\Users\desoud\Desktop\BeatSaber\BeatSaber\Assets\Scripts\RotationController.cs:7 
UnityEditor.EditorUtility:Internal_InstantiateRemoveAllNonAnimationComponentsSingle_Injected(IntPtr, Vector3&, Quaternion&)
UnityEditor.EditorUtility:Internal_InstantiateRemoveAllNonAnimationComponentsSingle(Object, Vector3, Quaternion)
UnityEditor.EditorUtility:InstantiateRemoveAllNonAnimationComponents(Object, Vector3, Quaternion)
UnityEditor.EditorUtility:InstantiateForAnimatorPreview(Object)
UnityEditor.PreviewData:UpdateGameObject(Object)
UnityEditor.PreviewData:.ctor(Object, Boolean)
UnityEditor.GameObjectInspector:GetPreviewData(Boolean)
UnityEditor.GameObjectInspector:RenderStaticPreview(String, Object[], Int32, Int32)
UnityEditor.AssetPreviewUpdater:CreatePreview(Object, Object[], String, Int32, Int32)
UnityEditor.AssetPreviewUpdater:CreatePreviewForAsset(Object, Object[], String)

(Filename: Assets/Scripts/RotationController.cs Line: 7)

 -> (artifact id: 'fe45b49a2ef951ceb1b152136c0dc424') in 0.0400814 seconds
Number of updated asset objects reloaded before import = 0Number of asset objects unloaded after import = 38

========================================================================
Received Import Request.
  Time since last request: 0.000024 seconds.
  path: Assets/Cubes/Cube Variant 1 Variant 1.prefab
  artifactKey: Guid(4afadd276372cf04b827d8d25a57d081) Importer(815301076,1909f56bfc062723c751e8b465ee728b)
Start importing Assets/Cubes/Cube Variant 1 Variant 1.prefab using Guid(4afadd276372cf04b827d8d25a57d081) Importer(815301076,1909f56bfc062723c751e8b465ee728b) (PreviewImporter)UnityException: Internal_CreateGameObject is not allowed to be called from a MonoBehaviour constructor (or instance field initializer), call it in Awake or Start instead. Called from MonoBehaviour 'RotationController'.
See "Script Serialization" page in the Unity Manual for further details.
  at (wrapper managed-to-native) UnityEngine.GameObject.Internal_CreateGameObject_Injected(UnityEngine.GameObject,UnityEngine.Bindings.ManagedSpanWrapper&)
  at UnityEngine.GameObject.Internal_CreateGameObject (UnityEngine.GameObject self, System.String name) [0x0002a] in <e509afeff7384f24a8f0ac30527ff01c>:0 
  at UnityEngine.GameObject..ctor () [0x00008] in <e509afeff7384f24a8f0ac30527ff01c>:0 
  at RotationController..ctor () [0x00000] in C:\Users\desoud\Desktop\BeatSaber\BeatSaber\Assets\Scripts\RotationController.cs:7 

(Filename: Assets/Scripts/RotationController.cs Line: 7)

UnityException: Internal_CreateGameObject is not allowed to be called from a MonoBehaviour constructor (or instance field initializer), call it in Awake or Start instead. Called from MonoBehaviour 'RotationController'.
See "Script Serialization" page in the Unity Manual for further details.
  at (wrapper managed-to-native) UnityEngine.GameObject.Internal_CreateGameObject_Injected(UnityEngine.GameObject,UnityEngine.Bindings.ManagedSpanWrapper&)
  at UnityEngine.GameObject.Internal_CreateGameObject (UnityEngine.GameObject self, System.String name) [0x0002a] in <e509afeff7384f24a8f0ac30527ff01c>:0 
  at UnityEngine.GameObject..ctor () [0x00008] in <e509afeff7384f24a8f0ac30527ff01c>:0 
  at RotationController..ctor () [0x00000] in C:\Users\desoud\Desktop\BeatSaber\BeatSaber\Assets\Scripts\RotationController.cs:7 
UnityEditor.PrefabUtility:IsPartOfVariantPrefab_Injected(IntPtr)
UnityEditor.PrefabUtility:IsPartOfVariantPrefab(Object)
UnityEditor.GameObjectInspector:OnEnable()
UnityEditor.Editor:CreateEditorWithContextInternal_Injected(Object[], IntPtr, Type)
UnityEditor.Editor:CreateEditorWithContextInternal(Object[], Object, Type)
UnityEditor.Editor:CreateEditorWithContext(Object[], Object, Type)
UnityEditor.Editor:CreateEditor(Object, Type)
UnityEditor.Editor:CreateEditor(Object)
UnityEditor.AssetPreviewUpdater:CreatePreview(Object, Object[], String, Int32, Int32)
UnityEditor.AssetPreviewUpdater:CreatePreviewForAsset(Object, Object[], String)

(Filename: Assets/Scripts/RotationController.cs Line: 7)

UnityException: Internal_CreateGameObject is not allowed to be called from a MonoBehaviour constructor (or instance field initializer), call it in Awake or Start instead. Called from MonoBehaviour 'RotationController'.
See "Script Serialization" page in the Unity Manual for further details.
  at (wrapper managed-to-native) UnityEngine.GameObject.Internal_CreateGameObject_Injected(UnityEngine.GameObject,UnityEngine.Bindings.ManagedSpanWrapper&)
  at UnityEngine.GameObject.Internal_CreateGameObject (UnityEngine.GameObject self, System.String name) [0x0002a] in <e509afeff7384f24a8f0ac30527ff01c>:0 
  at UnityEngine.GameObject..ctor () [0x00008] in <e509afeff7384f24a8f0ac30527ff01c>:0 
  at RotationController..ctor () [0x00000] in C:\Users\desoud\Desktop\BeatSaber\BeatSaber\Assets\Scripts\RotationController.cs:7 
UnityEditor.PrefabUtility:GetOriginalSourceOrVariantRoot_Injected(IntPtr)
UnityEditor.PrefabUtility:GetOriginalSourceOrVariantRoot(Object)
UnityEditor.GameObjectInspector:CalculatePrefabStatus()
UnityEditor.GameObjectInspector:OnEnable()
UnityEditor.Editor:CreateEditorWithContextInternal_Injected(Object[], IntPtr, Type)
UnityEditor.Editor:CreateEditorWithContextInternal(Object[], Object, Type)
UnityEditor.Editor:CreateEditorWithContext(Object[], Object, Type)
UnityEditor.Editor:CreateEditor(Object, Type)
UnityEditor.Editor:CreateEditor(Object)
UnityEditor.AssetPreviewUpdater:CreatePreview(Object, Object[], String, Int32, Int32)
UnityEditor.AssetPreviewUpdater:CreatePreviewForAsset(Object, Object[], String)

(Filename: Assets/Scripts/RotationController.cs Line: 7)

UnityException: Internal_CreateGameObject is not allowed to be called from a MonoBehaviour constructor (or instance field initializer), call it in Awake or Start instead. Called from MonoBehaviour 'RotationController'.
See "Script Serialization" page in the Unity Manual for further details.
  at (wrapper managed-to-native) UnityEngine.GameObject.Internal_CreateGameObject_Injected(UnityEngine.GameObject,UnityEngine.Bindings.ManagedSpanWrapper&)
  at UnityEngine.GameObject.Internal_CreateGameObject (UnityEngine.GameObject self, System.String name) [0x0002a] in <e509afeff7384f24a8f0ac30527ff01c>:0 
  at UnityEngine.GameObject..ctor () [0x00008] in <e509afeff7384f24a8f0ac30527ff01c>:0 
  at RotationController..ctor () [0x00000] in C:\Users\desoud\Desktop\BeatSaber\BeatSaber\Assets\Scripts\RotationController.cs:7 
UnityEditor.EditorUtility:Internal_InstantiateRemoveAllNonAnimationComponentsSingle_Injected(IntPtr, Vector3&, Quaternion&)
UnityEditor.EditorUtility:Internal_InstantiateRemoveAllNonAnimationComponentsSingle(Object, Vector3, Quaternion)
UnityEditor.EditorUtility:InstantiateRemoveAllNonAnimationComponents(Object, Vector3, Quaternion)
UnityEditor.EditorUtility:InstantiateForAnimatorPreview(Object)
UnityEditor.PreviewData:UpdateGameObject(Object)
UnityEditor.PreviewData:.ctor(Object, Boolean)
UnityEditor.GameObjectInspector:GetPreviewData(Boolean)
UnityEditor.GameObjectInspector:RenderStaticPreview(String, Object[], Int32, Int32)
UnityEditor.AssetPreviewUpdater:CreatePreview(Object, Object[], String, Int32, Int32)
UnityEditor.AssetPreviewUpdater:CreatePreviewForAsset(Object, Object[], String)

(Filename: Assets/Scripts/RotationController.cs Line: 7)

 -> (artifact id: 'bf723b6394f7fb49e24bd0cc0d9d355f') in 0.0187326 seconds
Number of updated asset objects reloaded before import = 0Number of asset objects unloaded after import = 37

========================================================================
Received Import Request.
  Time since last request: 37.643165 seconds.
  path: Assets/Cubes/Cube Variant.prefab
  artifactKey: Guid(9cf47dcdf995a924ba0376b25373d65c) Importer(815301076,1909f56bfc062723c751e8b465ee728b)
Start importing Assets/Cubes/Cube Variant.prefab using Guid(9cf47dcdf995a924ba0376b25373d65c) Importer(815301076,1909f56bfc062723c751e8b465ee728b) (PreviewImporter)UnityException: Internal_CreateGameObject is not allowed to be called from a MonoBehaviour constructor (or instance field initializer), call it in Awake or Start instead. Called from MonoBehaviour 'RotationController'.
See "Script Serialization" page in the Unity Manual for further details.
  at (wrapper managed-to-native) UnityEngine.GameObject.Internal_CreateGameObject_Injected(UnityEngine.GameObject,UnityEngine.Bindings.ManagedSpanWrapper&)
  at UnityEngine.GameObject.Internal_CreateGameObject (UnityEngine.GameObject self, System.String name) [0x0002a] in <e509afeff7384f24a8f0ac30527ff01c>:0 
  at UnityEngine.GameObject..ctor () [0x00008] in <e509afeff7384f24a8f0ac30527ff01c>:0 
  at RotationController..ctor () [0x00000] in C:\Users\desoud\Desktop\BeatSaber\BeatSaber\Assets\Scripts\RotationController.cs:7 

(Filename: Assets/Scripts/RotationController.cs Line: 7)

UnityException: Internal_CreateGameObject is not allowed to be called from a MonoBehaviour constructor (or instance field initializer), call it in Awake or Start instead. Called from MonoBehaviour 'RotationController'.
See "Script Serialization" page in the Unity Manual for further details.
  at (wrapper managed-to-native) UnityEngine.GameObject.Internal_CreateGameObject_Injected(UnityEngine.GameObject,UnityEngine.Bindings.ManagedSpanWrapper&)
  at UnityEngine.GameObject.Internal_CreateGameObject (UnityEngine.GameObject self, System.String name) [0x0002a] in <e509afeff7384f24a8f0ac30527ff01c>:0 
  at UnityEngine.GameObject..ctor () [0x00008] in <e509afeff7384f24a8f0ac30527ff01c>:0 
  at RotationController..ctor () [0x00000] in C:\Users\desoud\Desktop\BeatSaber\BeatSaber\Assets\Scripts\RotationController.cs:7 
UnityEditor.PrefabUtility:IsPartOfVariantPrefab_Injected(IntPtr)
UnityEditor.PrefabUtility:IsPartOfVariantPrefab(Object)
UnityEditor.GameObjectInspector:OnEnable()
UnityEditor.Editor:CreateEditorWithContextInternal_Injected(Object[], IntPtr, Type)
UnityEditor.Editor:CreateEditorWithContextInternal(Object[], Object, Type)
UnityEditor.Editor:CreateEditorWithContext(Object[], Object, Type)
UnityEditor.Editor:CreateEditor(Object, Type)
UnityEditor.Editor:CreateEditor(Object)
UnityEditor.AssetPreviewUpdater:CreatePreview(Object, Object[], String, Int32, Int32)
UnityEditor.AssetPreviewUpdater:CreatePreviewForAsset(Object, Object[], String)

(Filename: Assets/Scripts/RotationController.cs Line: 7)

UnityException: Internal_CreateGameObject is not allowed to be called from a MonoBehaviour constructor (or instance field initializer), call it in Awake or Start instead. Called from MonoBehaviour 'RotationController'.
See "Script Serialization" page in the Unity Manual for further details.
  at (wrapper managed-to-native) UnityEngine.GameObject.Internal_CreateGameObject_Injected(UnityEngine.GameObject,UnityEngine.Bindings.ManagedSpanWrapper&)
  at UnityEngine.GameObject.Internal_CreateGameObject (UnityEngine.GameObject self, System.String name) [0x0002a] in <e509afeff7384f24a8f0ac30527ff01c>:0 
  at UnityEngine.GameObject..ctor () [0x00008] in <e509afeff7384f24a8f0ac30527ff01c>:0 
  at RotationController..ctor () [0x00000] in C:\Users\desoud\Desktop\BeatSaber\BeatSaber\Assets\Scripts\RotationController.cs:7 
UnityEditor.EditorUtility:Internal_InstantiateRemoveAllNonAnimationComponentsSingle_Injected(IntPtr, Vector3&, Quaternion&)
UnityEditor.EditorUtility:Internal_InstantiateRemoveAllNonAnimationComponentsSingle(Object, Vector3, Quaternion)
UnityEditor.EditorUtility:InstantiateRemoveAllNonAnimationComponents(Object, Vector3, Quaternion)
UnityEditor.EditorUtility:InstantiateForAnimatorPreview(Object)
UnityEditor.PreviewData:UpdateGameObject(Object)
UnityEditor.PreviewData:.ctor(Object, Boolean)
UnityEditor.GameObjectInspector:GetPreviewData(Boolean)
UnityEditor.GameObjectInspector:RenderStaticPreview(String, Object[], Int32, Int32)
UnityEditor.AssetPreviewUpdater:CreatePreview(Object, Object[], String, Int32, Int32)
UnityEditor.AssetPreviewUpdater:CreatePreviewForAsset(Object, Object[], String)

(Filename: Assets/Scripts/RotationController.cs Line: 7)

 -> (artifact id: '2d04f42186a68ced5ed5f47bf074004a') in 0.0075641 seconds
Number of updated asset objects reloaded before import = 0Number of asset objects unloaded after import = 23

========================================================================
Received Import Request.
  Time since last request: 0.000016 seconds.
  path: Assets/Cubes/Cube Variant Variant.prefab
  artifactKey: Guid(99b66e6aa50ab524b9dd49826f827307) Importer(815301076,1909f56bfc062723c751e8b465ee728b)
Start importing Assets/Cubes/Cube Variant Variant.prefab using Guid(99b66e6aa50ab524b9dd49826f827307) Importer(815301076,1909f56bfc062723c751e8b465ee728b) (PreviewImporter)UnityException: Internal_CreateGameObject is not allowed to be called from a MonoBehaviour constructor (or instance field initializer), call it in Awake or Start instead. Called from MonoBehaviour 'RotationController'.
See "Script Serialization" page in the Unity Manual for further details.
  at (wrapper managed-to-native) UnityEngine.GameObject.Internal_CreateGameObject_Injected(UnityEngine.GameObject,UnityEngine.Bindings.ManagedSpanWrapper&)
  at UnityEngine.GameObject.Internal_CreateGameObject (UnityEngine.GameObject self, System.String name) [0x0002a] in <e509afeff7384f24a8f0ac30527ff01c>:0 
  at UnityEngine.GameObject..ctor () [0x00008] in <e509afeff7384f24a8f0ac30527ff01c>:0 
  at RotationController..ctor () [0x00000] in C:\Users\desoud\Desktop\BeatSaber\BeatSaber\Assets\Scripts\RotationController.cs:7 

(Filename: Assets/Scripts/RotationController.cs Line: 7)

UnityException: Internal_CreateGameObject is not allowed to be called from a MonoBehaviour constructor (or instance field initializer), call it in Awake or Start instead. Called from MonoBehaviour 'RotationController'.
See "Script Serialization" page in the Unity Manual for further details.
  at (wrapper managed-to-native) UnityEngine.GameObject.Internal_CreateGameObject_Injected(UnityEngine.GameObject,UnityEngine.Bindings.ManagedSpanWrapper&)
  at UnityEngine.GameObject.Internal_CreateGameObject (UnityEngine.GameObject self, System.String name) [0x0002a] in <e509afeff7384f24a8f0ac30527ff01c>:0 
  at UnityEngine.GameObject..ctor () [0x00008] in <e509afeff7384f24a8f0ac30527ff01c>:0 
  at RotationController..ctor () [0x00000] in C:\Users\desoud\Desktop\BeatSaber\BeatSaber\Assets\Scripts\RotationController.cs:7 
UnityEditor.PrefabUtility:IsPartOfVariantPrefab_Injected(IntPtr)
UnityEditor.PrefabUtility:IsPartOfVariantPrefab(Object)
UnityEditor.GameObjectInspector:OnEnable()
UnityEditor.Editor:CreateEditorWithContextInternal_Injected(Object[], IntPtr, Type)
UnityEditor.Editor:CreateEditorWithContextInternal(Object[], Object, Type)
UnityEditor.Editor:CreateEditorWithContext(Object[], Object, Type)
UnityEditor.Editor:CreateEditor(Object, Type)
UnityEditor.Editor:CreateEditor(Object)
UnityEditor.AssetPreviewUpdater:CreatePreview(Object, Object[], String, Int32, Int32)
UnityEditor.AssetPreviewUpdater:CreatePreviewForAsset(Object, Object[], String)

(Filename: Assets/Scripts/RotationController.cs Line: 7)

UnityException: Internal_CreateGameObject is not allowed to be called from a MonoBehaviour constructor (or instance field initializer), call it in Awake or Start instead. Called from MonoBehaviour 'RotationController'.
See "Script Serialization" page in the Unity Manual for further details.
  at (wrapper managed-to-native) UnityEngine.GameObject.Internal_CreateGameObject_Injected(UnityEngine.GameObject,UnityEngine.Bindings.ManagedSpanWrapper&)
  at UnityEngine.GameObject.Internal_CreateGameObject (UnityEngine.GameObject self, System.String name) [0x0002a] in <e509afeff7384f24a8f0ac30527ff01c>:0 
  at UnityEngine.GameObject..ctor () [0x00008] in <e509afeff7384f24a8f0ac30527ff01c>:0 
  at RotationController..ctor () [0x00000] in C:\Users\desoud\Desktop\BeatSaber\BeatSaber\Assets\Scripts\RotationController.cs:7 
UnityEditor.PrefabUtility:GetOriginalSourceOrVariantRoot_Injected(IntPtr)
UnityEditor.PrefabUtility:GetOriginalSourceOrVariantRoot(Object)
UnityEditor.GameObjectInspector:CalculatePrefabStatus()
UnityEditor.GameObjectInspector:OnEnable()
UnityEditor.Editor:CreateEditorWithContextInternal_Injected(Object[], IntPtr, Type)
UnityEditor.Editor:CreateEditorWithContextInternal(Object[], Object, Type)
UnityEditor.Editor:CreateEditorWithContext(Object[], Object, Type)
UnityEditor.Editor:CreateEditor(Object, Type)
UnityEditor.Editor:CreateEditor(Object)
UnityEditor.AssetPreviewUpdater:CreatePreview(Object, Object[], String, Int32, Int32)
UnityEditor.AssetPreviewUpdater:CreatePreviewForAsset(Object, Object[], String)

(Filename: Assets/Scripts/RotationController.cs Line: 7)

UnityException: Internal_CreateGameObject is not allowed to be called from a MonoBehaviour constructor (or instance field initializer), call it in Awake or Start instead. Called from MonoBehaviour 'RotationController'.
See "Script Serialization" page in the Unity Manual for further details.
  at (wrapper managed-to-native) UnityEngine.GameObject.Internal_CreateGameObject_Injected(UnityEngine.GameObject,UnityEngine.Bindings.ManagedSpanWrapper&)
  at UnityEngine.GameObject.Internal_CreateGameObject (UnityEngine.GameObject self, System.String name) [0x0002a] in <e509afeff7384f24a8f0ac30527ff01c>:0 
  at UnityEngine.GameObject..ctor () [0x00008] in <e509afeff7384f24a8f0ac30527ff01c>:0 
  at RotationController..ctor () [0x00000] in C:\Users\desoud\Desktop\BeatSaber\BeatSaber\Assets\Scripts\RotationController.cs:7 
UnityEditor.EditorUtility:Internal_InstantiateRemoveAllNonAnimationComponentsSingle_Injected(IntPtr, Vector3&, Quaternion&)
UnityEditor.EditorUtility:Internal_InstantiateRemoveAllNonAnimationComponentsSingle(Object, Vector3, Quaternion)
UnityEditor.EditorUtility:InstantiateRemoveAllNonAnimationComponents(Object, Vector3, Quaternion)
UnityEditor.EditorUtility:InstantiateForAnimatorPreview(Object)
UnityEditor.PreviewData:UpdateGameObject(Object)
UnityEditor.PreviewData:.ctor(Object, Boolean)
UnityEditor.GameObjectInspector:GetPreviewData(Boolean)
UnityEditor.GameObjectInspector:RenderStaticPreview(String, Object[], Int32, Int32)
UnityEditor.AssetPreviewUpdater:CreatePreview(Object, Object[], String, Int32, Int32)
UnityEditor.AssetPreviewUpdater:CreatePreviewForAsset(Object, Object[], String)

(Filename: Assets/Scripts/RotationController.cs Line: 7)

 -> (artifact id: '8dbc297b9f5a85e4da3260a735ebc433') in 0.0097244 seconds
Number of updated asset objects reloaded before import = 0Number of asset objects unloaded after import = 37

========================================================================
Received Import Request.
  Time since last request: 0.000013 seconds.
  path: Assets/Cubes/Cube Variant Variant 1.prefab
  artifactKey: Guid(32f068b2f50ced44a9ba3f1ac46f6d0d) Importer(815301076,1909f56bfc062723c751e8b465ee728b)
Start importing Assets/Cubes/Cube Variant Variant 1.prefab using Guid(32f068b2f50ced44a9ba3f1ac46f6d0d) Importer(815301076,1909f56bfc062723c751e8b465ee728b) (PreviewImporter)UnityException: Internal_CreateGameObject is not allowed to be called from a MonoBehaviour constructor (or instance field initializer), call it in Awake or Start instead. Called from MonoBehaviour 'RotationController'.
See "Script Serialization" page in the Unity Manual for further details.
  at (wrapper managed-to-native) UnityEngine.GameObject.Internal_CreateGameObject_Injected(UnityEngine.GameObject,UnityEngine.Bindings.ManagedSpanWrapper&)
  at UnityEngine.GameObject.Internal_CreateGameObject (UnityEngine.GameObject self, System.String name) [0x0002a] in <e509afeff7384f24a8f0ac30527ff01c>:0 
  at UnityEngine.GameObject..ctor () [0x00008] in <e509afeff7384f24a8f0ac30527ff01c>:0 
  at RotationController..ctor () [0x00000] in C:\Users\desoud\Desktop\BeatSaber\BeatSaber\Assets\Scripts\RotationController.cs:7 

(Filename: Assets/Scripts/RotationController.cs Line: 7)

UnityException: Internal_CreateGameObject is not allowed to be called from a MonoBehaviour constructor (or instance field initializer), call it in Awake or Start instead. Called from MonoBehaviour 'RotationController'.
See "Script Serialization" page in the Unity Manual for further details.
  at (wrapper managed-to-native) UnityEngine.GameObject.Internal_CreateGameObject_Injected(UnityEngine.GameObject,UnityEngine.Bindings.ManagedSpanWrapper&)
  at UnityEngine.GameObject.Internal_CreateGameObject (UnityEngine.GameObject self, System.String name) [0x0002a] in <e509afeff7384f24a8f0ac30527ff01c>:0 
  at UnityEngine.GameObject..ctor () [0x00008] in <e509afeff7384f24a8f0ac30527ff01c>:0 
  at RotationController..ctor () [0x00000] in C:\Users\desoud\Desktop\BeatSaber\BeatSaber\Assets\Scripts\RotationController.cs:7 
UnityEditor.PrefabUtility:IsPartOfVariantPrefab_Injected(IntPtr)
UnityEditor.PrefabUtility:IsPartOfVariantPrefab(Object)
UnityEditor.GameObjectInspector:OnEnable()
UnityEditor.Editor:CreateEditorWithContextInternal_Injected(Object[], IntPtr, Type)
UnityEditor.Editor:CreateEditorWithContextInternal(Object[], Object, Type)
UnityEditor.Editor:CreateEditorWithContext(Object[], Object, Type)
UnityEditor.Editor:CreateEditor(Object, Type)
UnityEditor.Editor:CreateEditor(Object)
UnityEditor.AssetPreviewUpdater:CreatePreview(Object, Object[], String, Int32, Int32)
UnityEditor.AssetPreviewUpdater:CreatePreviewForAsset(Object, Object[], String)

(Filename: Assets/Scripts/RotationController.cs Line: 7)

UnityException: Internal_CreateGameObject is not allowed to be called from a MonoBehaviour constructor (or instance field initializer), call it in Awake or Start instead. Called from MonoBehaviour 'RotationController'.
See "Script Serialization" page in the Unity Manual for further details.
  at (wrapper managed-to-native) UnityEngine.GameObject.Internal_CreateGameObject_Injected(UnityEngine.GameObject,UnityEngine.Bindings.ManagedSpanWrapper&)
  at UnityEngine.GameObject.Internal_CreateGameObject (UnityEngine.GameObject self, System.String name) [0x0002a] in <e509afeff7384f24a8f0ac30527ff01c>:0 
  at UnityEngine.GameObject..ctor () [0x00008] in <e509afeff7384f24a8f0ac30527ff01c>:0 
  at RotationController..ctor () [0x00000] in C:\Users\desoud\Desktop\BeatSaber\BeatSaber\Assets\Scripts\RotationController.cs:7 
UnityEditor.PrefabUtility:GetOriginalSourceOrVariantRoot_Injected(IntPtr)
UnityEditor.PrefabUtility:GetOriginalSourceOrVariantRoot(Object)
UnityEditor.GameObjectInspector:CalculatePrefabStatus()
UnityEditor.GameObjectInspector:OnEnable()
UnityEditor.Editor:CreateEditorWithContextInternal_Injected(Object[], IntPtr, Type)
UnityEditor.Editor:CreateEditorWithContextInternal(Object[], Object, Type)
UnityEditor.Editor:CreateEditorWithContext(Object[], Object, Type)
UnityEditor.Editor:CreateEditor(Object, Type)
UnityEditor.Editor:CreateEditor(Object)
UnityEditor.AssetPreviewUpdater:CreatePreview(Object, Object[], String, Int32, Int32)
UnityEditor.AssetPreviewUpdater:CreatePreviewForAsset(Object, Object[], String)

(Filename: Assets/Scripts/RotationController.cs Line: 7)

UnityException: Internal_CreateGameObject is not allowed to be called from a MonoBehaviour constructor (or instance field initializer), call it in Awake or Start instead. Called from MonoBehaviour 'RotationController'.
See "Script Serialization" page in the Unity Manual for further details.
  at (wrapper managed-to-native) UnityEngine.GameObject.Internal_CreateGameObject_Injected(UnityEngine.GameObject,UnityEngine.Bindings.ManagedSpanWrapper&)
  at UnityEngine.GameObject.Internal_CreateGameObject (UnityEngine.GameObject self, System.String name) [0x0002a] in <e509afeff7384f24a8f0ac30527ff01c>:0 
  at UnityEngine.GameObject..ctor () [0x00008] in <e509afeff7384f24a8f0ac30527ff01c>:0 
  at RotationController..ctor () [0x00000] in C:\Users\desoud\Desktop\BeatSaber\BeatSaber\Assets\Scripts\RotationController.cs:7 
UnityEditor.EditorUtility:Internal_InstantiateRemoveAllNonAnimationComponentsSingle_Injected(IntPtr, Vector3&, Quaternion&)
UnityEditor.EditorUtility:Internal_InstantiateRemoveAllNonAnimationComponentsSingle(Object, Vector3, Quaternion)
UnityEditor.EditorUtility:InstantiateRemoveAllNonAnimationComponents(Object, Vector3, Quaternion)
UnityEditor.EditorUtility:InstantiateForAnimatorPreview(Object)
UnityEditor.PreviewData:UpdateGameObject(Object)
UnityEditor.PreviewData:.ctor(Object, Boolean)
UnityEditor.GameObjectInspector:GetPreviewData(Boolean)
UnityEditor.GameObjectInspector:RenderStaticPreview(String, Object[], Int32, Int32)
UnityEditor.AssetPreviewUpdater:CreatePreview(Object, Object[], String, Int32, Int32)
UnityEditor.AssetPreviewUpdater:CreatePreviewForAsset(Object, Object[], String)

(Filename: Assets/Scripts/RotationController.cs Line: 7)

 -> (artifact id: 'd735b80fc6418d9ac4cad557603c1422') in 0.0101426 seconds
Number of updated asset objects reloaded before import = 0Number of asset objects unloaded after import = 38

========================================================================
Received Import Request.
  Time since last request: 3.464813 seconds.
  path: Assets/Cubes/Cube Variant 1 Variant 1.prefab
  artifactKey: Guid(4afadd276372cf04b827d8d25a57d081) Importer(815301076,1909f56bfc062723c751e8b465ee728b)
Start importing Assets/Cubes/Cube Variant 1 Variant 1.prefab using Guid(4afadd276372cf04b827d8d25a57d081) Importer(815301076,1909f56bfc062723c751e8b465ee728b) (PreviewImporter)UnityException: Internal_CreateGameObject is not allowed to be called from a MonoBehaviour constructor (or instance field initializer), call it in Awake or Start instead. Called from MonoBehaviour 'RotationController'.
See "Script Serialization" page in the Unity Manual for further details.
  at (wrapper managed-to-native) UnityEngine.GameObject.Internal_CreateGameObject_Injected(UnityEngine.GameObject,UnityEngine.Bindings.ManagedSpanWrapper&)
  at UnityEngine.GameObject.Internal_CreateGameObject (UnityEngine.GameObject self, System.String name) [0x0002a] in <e509afeff7384f24a8f0ac30527ff01c>:0 
  at UnityEngine.GameObject..ctor () [0x00008] in <e509afeff7384f24a8f0ac30527ff01c>:0 
  at RotationController..ctor () [0x00000] in C:\Users\desoud\Desktop\BeatSaber\BeatSaber\Assets\Scripts\RotationController.cs:7 

(Filename: Assets/Scripts/RotationController.cs Line: 7)

UnityException: Internal_CreateGameObject is not allowed to be called from a MonoBehaviour constructor (or instance field initializer), call it in Awake or Start instead. Called from MonoBehaviour 'RotationController'.
See "Script Serialization" page in the Unity Manual for further details.
  at (wrapper managed-to-native) UnityEngine.GameObject.Internal_CreateGameObject_Injected(UnityEngine.GameObject,UnityEngine.Bindings.ManagedSpanWrapper&)
  at UnityEngine.GameObject.Internal_CreateGameObject (UnityEngine.GameObject self, System.String name) [0x0002a] in <e509afeff7384f24a8f0ac30527ff01c>:0 
  at UnityEngine.GameObject..ctor () [0x00008] in <e509afeff7384f24a8f0ac30527ff01c>:0 
  at RotationController..ctor () [0x00000] in C:\Users\desoud\Desktop\BeatSaber\BeatSaber\Assets\Scripts\RotationController.cs:7 
UnityEditor.PrefabUtility:IsPartOfVariantPrefab_Injected(IntPtr)
UnityEditor.PrefabUtility:IsPartOfVariantPrefab(Object)
UnityEditor.GameObjectInspector:OnEnable()
UnityEditor.Editor:CreateEditorWithContextInternal_Injected(Object[], IntPtr, Type)
UnityEditor.Editor:CreateEditorWithContextInternal(Object[], Object, Type)
UnityEditor.Editor:CreateEditorWithContext(Object[], Object, Type)
UnityEditor.Editor:CreateEditor(Object, Type)
UnityEditor.Editor:CreateEditor(Object)
UnityEditor.AssetPreviewUpdater:CreatePreview(Object, Object[], String, Int32, Int32)
UnityEditor.AssetPreviewUpdater:CreatePreviewForAsset(Object, Object[], String)

(Filename: Assets/Scripts/RotationController.cs Line: 7)

UnityException: Internal_CreateGameObject is not allowed to be called from a MonoBehaviour constructor (or instance field initializer), call it in Awake or Start instead. Called from MonoBehaviour 'RotationController'.
See "Script Serialization" page in the Unity Manual for further details.
  at (wrapper managed-to-native) UnityEngine.GameObject.Internal_CreateGameObject_Injected(UnityEngine.GameObject,UnityEngine.Bindings.ManagedSpanWrapper&)
  at UnityEngine.GameObject.Internal_CreateGameObject (UnityEngine.GameObject self, System.String name) [0x0002a] in <e509afeff7384f24a8f0ac30527ff01c>:0 
  at UnityEngine.GameObject..ctor () [0x00008] in <e509afeff7384f24a8f0ac30527ff01c>:0 
  at RotationController..ctor () [0x00000] in C:\Users\desoud\Desktop\BeatSaber\BeatSaber\Assets\Scripts\RotationController.cs:7 
UnityEditor.PrefabUtility:GetOriginalSourceOrVariantRoot_Injected(IntPtr)
UnityEditor.PrefabUtility:GetOriginalSourceOrVariantRoot(Object)
UnityEditor.GameObjectInspector:CalculatePrefabStatus()
UnityEditor.GameObjectInspector:OnEnable()
UnityEditor.Editor:CreateEditorWithContextInternal_Injected(Object[], IntPtr, Type)
UnityEditor.Editor:CreateEditorWithContextInternal(Object[], Object, Type)
UnityEditor.Editor:CreateEditorWithContext(Object[], Object, Type)
UnityEditor.Editor:CreateEditor(Object, Type)
UnityEditor.Editor:CreateEditor(Object)
UnityEditor.AssetPreviewUpdater:CreatePreview(Object, Object[], String, Int32, Int32)
UnityEditor.AssetPreviewUpdater:CreatePreviewForAsset(Object, Object[], String)

(Filename: Assets/Scripts/RotationController.cs Line: 7)

UnityException: Internal_CreateGameObject is not allowed to be called from a MonoBehaviour constructor (or instance field initializer), call it in Awake or Start instead. Called from MonoBehaviour 'RotationController'.
See "Script Serialization" page in the Unity Manual for further details.
  at (wrapper managed-to-native) UnityEngine.GameObject.Internal_CreateGameObject_Injected(UnityEngine.GameObject,UnityEngine.Bindings.ManagedSpanWrapper&)
  at UnityEngine.GameObject.Internal_CreateGameObject (UnityEngine.GameObject self, System.String name) [0x0002a] in <e509afeff7384f24a8f0ac30527ff01c>:0 
  at UnityEngine.GameObject..ctor () [0x00008] in <e509afeff7384f24a8f0ac30527ff01c>:0 
  at RotationController..ctor () [0x00000] in C:\Users\desoud\Desktop\BeatSaber\BeatSaber\Assets\Scripts\RotationController.cs:7 
UnityEditor.EditorUtility:Internal_InstantiateRemoveAllNonAnimationComponentsSingle_Injected(IntPtr, Vector3&, Quaternion&)
UnityEditor.EditorUtility:Internal_InstantiateRemoveAllNonAnimationComponentsSingle(Object, Vector3, Quaternion)
UnityEditor.EditorUtility:InstantiateRemoveAllNonAnimationComponents(Object, Vector3, Quaternion)
UnityEditor.EditorUtility:InstantiateForAnimatorPreview(Object)
UnityEditor.PreviewData:UpdateGameObject(Object)
UnityEditor.PreviewData:.ctor(Object, Boolean)
UnityEditor.GameObjectInspector:GetPreviewData(Boolean)
UnityEditor.GameObjectInspector:RenderStaticPreview(String, Object[], Int32, Int32)
UnityEditor.AssetPreviewUpdater:CreatePreview(Object, Object[], String, Int32, Int32)
UnityEditor.AssetPreviewUpdater:CreatePreviewForAsset(Object, Object[], String)

(Filename: Assets/Scripts/RotationController.cs Line: 7)

 -> (artifact id: 'e3acf1a716282dd73dc44938a0f1ce6d') in 0.0149761 seconds
Number of updated asset objects reloaded before import = 0Number of asset objects unloaded after import = 37

========================================================================
Received Prepare
Begin MonoManager ReloadAssembly
- Loaded All Assemblies, in  0.544 seconds
Refreshing native plugins compatible for Editor in 0.51 ms, found 3 plugins.
Native extension for Android target not found
Native extension for WindowsStandalone target not found
Mono: successfully reloaded assembly
- Finished resetting the current domain, in  0.580 seconds
Domain Reload Profiling: 1125ms
	BeginReloadAssembly (176ms)
		ExecutionOrderSort (0ms)
		DisableScriptedObjects (4ms)
		BackupInstance (0ms)
		ReleaseScriptingObjects (0ms)
		CreateAndSetChildDomain (55ms)
	RebuildCommonClasses (33ms)
	RebuildNativeTypeToScriptingClass (11ms)
	initialDomainReloadingComplete (23ms)
	LoadAllAssembliesAndSetupDomain (301ms)
		LoadAssemblies (254ms)
		RebuildTransferFunctionScriptingTraits (0ms)
		AnalyzeDomain (129ms)
			TypeCache.Refresh (6ms)
				TypeCache.ScanAssembly (0ms)
			BuildScriptInfoCaches (114ms)
			ResolveRequiredComponents (5ms)
	FinalizeReload (581ms)
		ReleaseScriptCaches (0ms)
		RebuildScriptCaches (0ms)
		SetupLoadedEditorAssemblies (396ms)
			LogAssemblyErrors (0ms)
			InitializePlatformSupportModulesInManaged (14ms)
			SetLoadedEditorAssemblies (5ms)
			BeforeProcessingInitializeOnLoad (43ms)
			ProcessInitializeOnLoadAttributes (306ms)
			ProcessInitializeOnLoadMethodAttributes (23ms)
			AfterProcessingInitializeOnLoad (4ms)
			EditorAssembliesLoaded (0ms)
		ExecutionOrderSort2 (0ms)
		AwakeInstancesAfterBackupRestoration (9ms)
Refreshing native plugins compatible for Editor in 0.78 ms, found 3 plugins.
Preloading 0 native plugins for Editor in 0.00 ms.
Unloading 0 Unused Serialized files (Serialized files now loaded: 0)
Unloading 4248 unused Assets / (1.2 MB). Loaded Objects now: 4841.
Memory consumption went from 117.6 MB to 116.4 MB.
Total: 5.892400 ms (FindLiveObjects: 0.399700 ms CreateObjectMapping: 0.369200 ms MarkObjects: 3.971200 ms  DeleteObjects: 1.151300 ms)

Prepare: number of updated asset objects reloaded= 0
========================================================================
Received Prepare
Refreshing native plugins compatible for Editor in 0.61 ms, found 3 plugins.
Preloading 0 native plugins for Editor in 0.00 ms.
Unloading 0 Unused Serialized files (Serialized files now loaded: 0)
Unloading 4242 unused Assets / (1.1 MB). Loaded Objects now: 4841.
Memory consumption went from 117.8 MB to 116.6 MB.
Total: 6.092700 ms (FindLiveObjects: 0.385300 ms CreateObjectMapping: 0.310200 ms MarkObjects: 4.143500 ms  DeleteObjects: 1.252600 ms)

Prepare: number of updated asset objects reloaded= 0
========================================================================
Received Prepare
Begin MonoManager ReloadAssembly
- Loaded All Assemblies, in  0.651 seconds
Refreshing native plugins compatible for Editor in 0.98 ms, found 3 plugins.
Native extension for Android target not found
Native extension for WindowsStandalone target not found
Mono: successfully reloaded assembly
- Finished resetting the current domain, in  0.577 seconds
Domain Reload Profiling: 1230ms
	BeginReloadAssembly (199ms)
		ExecutionOrderSort (0ms)
		DisableScriptedObjects (5ms)
		BackupInstance (0ms)
		ReleaseScriptingObjects (0ms)
		CreateAndSetChildDomain (68ms)
	RebuildCommonClasses (34ms)
	RebuildNativeTypeToScriptingClass (16ms)
	initialDomainReloadingComplete (21ms)
	LoadAllAssembliesAndSetupDomain (384ms)
		LoadAssemblies (286ms)
		RebuildTransferFunctionScriptingTraits (0ms)
		AnalyzeDomain (182ms)
			TypeCache.Refresh (9ms)
				TypeCache.ScanAssembly (0ms)
			BuildScriptInfoCaches (163ms)
			ResolveRequiredComponents (5ms)
	FinalizeReload (578ms)
		ReleaseScriptCaches (0ms)
		RebuildScriptCaches (0ms)
		SetupLoadedEditorAssemblies (379ms)
			LogAssemblyErrors (0ms)
			InitializePlatformSupportModulesInManaged (20ms)
			SetLoadedEditorAssemblies (5ms)
			BeforeProcessingInitializeOnLoad (44ms)
			ProcessInitializeOnLoadAttributes (287ms)
			ProcessInitializeOnLoadMethodAttributes (19ms)
			AfterProcessingInitializeOnLoad (3ms)
			EditorAssembliesLoaded (0ms)
		ExecutionOrderSort2 (0ms)
		AwakeInstancesAfterBackupRestoration (7ms)
Refreshing native plugins compatible for Editor in 0.58 ms, found 3 plugins.
Preloading 0 native plugins for Editor in 0.00 ms.
Unloading 0 Unused Serialized files (Serialized files now loaded: 0)
Unloading 4248 unused Assets / (1.1 MB). Loaded Objects now: 4841.
Memory consumption went from 119.5 MB to 118.4 MB.
Total: 5.306700 ms (FindLiveObjects: 0.386900 ms CreateObjectMapping: 0.356300 ms MarkObjects: 3.531800 ms  DeleteObjects: 1.018400 ms)

Prepare: number of updated asset objects reloaded= 0
========================================================================
Received Prepare
Begin MonoManager ReloadAssembly
- Loaded All Assemblies, in  0.542 seconds
Refreshing native plugins compatible for Editor in 0.57 ms, found 3 plugins.
Native extension for Android target not found
Native extension for WindowsStandalone target not found
Mono: successfully reloaded assembly
- Finished resetting the current domain, in  0.582 seconds
Domain Reload Profiling: 1124ms
	BeginReloadAssembly (173ms)
		ExecutionOrderSort (0ms)
		DisableScriptedObjects (6ms)
		BackupInstance (0ms)
		ReleaseScriptingObjects (0ms)
		CreateAndSetChildDomain (48ms)
	RebuildCommonClasses (39ms)
	RebuildNativeTypeToScriptingClass (11ms)
	initialDomainReloadingComplete (20ms)
	LoadAllAssembliesAndSetupDomain (299ms)
		LoadAssemblies (255ms)
		RebuildTransferFunctionScriptingTraits (0ms)
		AnalyzeDomain (128ms)
			TypeCache.Refresh (8ms)
				TypeCache.ScanAssembly (0ms)
			BuildScriptInfoCaches (112ms)
			ResolveRequiredComponents (5ms)
	FinalizeReload (582ms)
		ReleaseScriptCaches (0ms)
		RebuildScriptCaches (0ms)
		SetupLoadedEditorAssemblies (398ms)
			LogAssemblyErrors (0ms)
			InitializePlatformSupportModulesInManaged (17ms)
			SetLoadedEditorAssemblies (4ms)
			BeforeProcessingInitializeOnLoad (46ms)
			ProcessInitializeOnLoadAttributes (308ms)
			ProcessInitializeOnLoadMethodAttributes (20ms)
			AfterProcessingInitializeOnLoad (4ms)
			EditorAssembliesLoaded (0ms)
		ExecutionOrderSort2 (0ms)
		AwakeInstancesAfterBackupRestoration (8ms)
Refreshing native plugins compatible for Editor in 0.87 ms, found 3 plugins.
Preloading 0 native plugins for Editor in 0.00 ms.
Unloading 0 Unused Serialized files (Serialized files now loaded: 0)
Unloading 4248 unused Assets / (1.2 MB). Loaded Objects now: 4841.
Memory consumption went from 121.5 MB to 120.3 MB.
Total: 5.644100 ms (FindLiveObjects: 0.421300 ms CreateObjectMapping: 0.363100 ms MarkObjects: 3.712400 ms  DeleteObjects: 1.146300 ms)

Prepare: number of updated asset objects reloaded= 0
Editor requested this worker to shutdown with reason: Scaling down because of idle timeout
AssetImportWorker is now disconnected from the server
Process exiting
Exiting without the bug reporter. Application will terminate with return code 0